Using pre-set license
Built from 'tuanjie/1.8/staging' branch; Version is '2022.3.62t6 (f6c5a11f8fe3) revision 16172449'; Using compiler version '192829333'; Build Type 'Release'
OS: 'Windows 10  (10.0.19045) 64bit Core' Language: 'zh' Physical Memory: 16324 MB
BatchMode: 1, IsHumanControllingUs: 0, StartBugReporterOnCrash: 0, Is64bit: 1, IsPro: 1

COMMAND LINE ARGUMENTS:
E:\unityHub\2022.3.62t6\Editor\Tuanjie.exe
-adb2
-batchMode
-noUpm
-disableFMOD
-name
AssetImportWorker1
-projectPath
E:/project/p1_client
-logFile
Logs/AssetImportWorker1.log
-srvPort
50488
Successfully changed project path to: E:/project/p1_client
E:/project/p1_client
[Memory] Configuration Parameters - Can be set up in boot.config
    "memorysetup-bucket-allocator-granularity=16"
    "memorysetup-bucket-allocator-bucket-count=8"
    "memorysetup-bucket-allocator-block-size=33554432"
    "memorysetup-bucket-allocator-block-count=8"
    "memorysetup-main-allocator-block-size=16777216"
    "memorysetup-thread-allocator-block-size=16777216"
    "memorysetup-gfx-main-allocator-block-size=16777216"
    "memorysetup-gfx-thread-allocator-block-size=16777216"
    "memorysetup-cache-allocator-block-size=4194304"
    "memorysetup-typetree-allocator-block-size=2097152"
    "memorysetup-profiler-bucket-allocator-granularity=16"
    "memorysetup-profiler-bucket-allocator-bucket-count=8"
    "memorysetup-profiler-bucket-allocator-block-size=33554432"
    "memorysetup-profiler-bucket-allocator-block-count=8"
    "memorysetup-profiler-allocator-block-size=16777216"
    "memorysetup-profiler-editor-allocator-block-size=1048576"
    "memorysetup-temp-allocator-size-main=16777216"
    "memorysetup-job-temp-allocator-block-size=2097152"
    "memorysetup-job-temp-allocator-block-size-background=1048576"
    "memorysetup-job-temp-allocator-reduction-small-platforms=262144"
    "memorysetup-allocator-temp-initial-block-size-main=262144"
    "memorysetup-allocator-temp-initial-block-size-worker=262144"
    "memorysetup-temp-allocator-size-background-worker=32768"
    "memorysetup-temp-allocator-size-job-worker=262144"
    "memorysetup-temp-allocator-size-preload-manager=33554432"
    "memorysetup-temp-allocator-size-nav-mesh-worker=65536"
    "memorysetup-temp-allocator-size-audio-worker=65536"
    "memorysetup-temp-allocator-size-cloud-worker=32768"
    "memorysetup-temp-allocator-size-gi-baking-worker=262144"
    "memorysetup-temp-allocator-size-gfx=262144"
Player connection [708]  Target information:

Player connection [708]  * "[IP] 192.168.1.4 [Port] 0 [Flags] 2 [Guid] 2169540621 [EditorId] 2169540621 [Version] 1048832 [Id] WindowsEditor(7,DESKTOP-5UJ2DID) [Debug] 1 [PackageName] WindowsEditor [ProjectName] Editor" 

Player connection [708] Host joined multi-casting on [225.0.0.222:54997]...
Player connection [708] Host joined alternative multi-casting on [225.0.0.222:34997]...
Input System module state changed to: Initialized.
AS: AutoStreaming module initializing.
[LiveLink] LiveLink library is loaded successfully. Initializing...
InitScreenManager.Refreshing native plugins compatible for Editor in 0.00 ms, found 0 plugins.
Preloading 0 native plugins for Editor in 0.00 ms.
Initialize engine version: 2022.3.62t6 (f6c5a11f8fe3)
[Subsystems] Discovering subsystems at path E:/unityHub/2022.3.62t6/Editor/Data/Resources/UnitySubsystems
[Subsystems] Discovering subsystems at path E:/project/p1_client/Assets
GfxDevice: creating device client; threaded=0; jobified=0
Direct3D:
    Version:  Direct3D 11.0 [level 11.1]
    Renderer: NVIDIA GeForce GTX 1050 Ti (ID=0x1c82)
    Vendor:   NVIDIA
    VRAM:     4004 MB
    Driver:   32.0.15.6094
Initialize mono
Mono path[0] = 'E:/unityHub/2022.3.62t6/Editor/Data/Managed'
Mono path[1] = 'E:/unityHub/2022.3.62t6/Editor/Data/MonoBleedingEdge/lib/mono/unityjit-win32'
Mono config path = 'E:/unityHub/2022.3.62t6/Editor/Data/MonoBleedingEdge/etc'
Using monoOptions --debugger-agent=transport=dt_socket,embedding=1,server=y,suspend=n,address=0.0.0.0:56008
Begin MonoManager ReloadAssembly
Registering precompiled tuanjie dll's ...
Register platform support module: E:/unityHub/2022.3.62t6/Editor/Data/PlaybackEngines/WebGLSupport/UnityEditor.WebGL.Extensions.dll
Register platform support module: E:/unityHub/2022.3.62t6/Editor/Data/PlaybackEngines/WeixinMiniGameSupport/UnityEditor.WeixinMiniGame.Extensions.dll
Register platform support module: E:/unityHub/2022.3.62t6/Editor/Data/PlaybackEngines/WindowsStandaloneSupport/UnityEditor.WindowsStandalone.Extensions.dll
Registered in 0.011547 seconds.
- Loaded All Assemblies, in  0.738 seconds
Native extension for WindowsStandalone target not found
Native extension for WeixinMiniGame target not found
Native extension for WebGL target not found
Mono: successfully reloaded assembly
- Finished resetting the current domain, in  0.391 seconds
Domain Reload Profiling: 1130ms
	BeginReloadAssembly (246ms)
		ExecutionOrderSort (0ms)
		DisableScriptedObjects (0ms)
		BackupInstance (0ms)
		ReleaseScriptingObjects (0ms)
		CreateAndSetChildDomain (1ms)
	RebuildCommonClasses (65ms)
	RebuildNativeTypeToScriptingClass (22ms)
	initialDomainReloadingComplete (96ms)
	LoadAllAssembliesAndSetupDomain (309ms)
		LoadAssemblies (248ms)
		RebuildTransferFunctionScriptingTraits (0ms)
		AnalyzeDomain (303ms)
			TypeCache.Refresh (301ms)
				TypeCache.ScanAssembly (281ms)
			ScanForSourceGeneratedMonoScriptInfo (0ms)
			ResolveRequiredComponents (0ms)
	FinalizeReload (393ms)
		ReleaseScriptCaches (0ms)
		RebuildScriptCaches (0ms)
		SetupLoadedEditorAssemblies (320ms)
			LogAssemblyErrors (0ms)
			InitializePlatformSupportModulesInManaged (13ms)
			SetLoadedEditorAssemblies (7ms)
			RefreshPlugins (0ms)
			BeforeProcessingInitializeOnLoad (3ms)
			ProcessInitializeOnLoadAttributes (246ms)
			ProcessInitializeOnLoadMethodAttributes (51ms)
			AfterProcessingInitializeOnLoad (0ms)
			EditorAssembliesLoaded (0ms)
		ExecutionOrderSort2 (0ms)
		AwakeInstancesAfterBackupRestoration (0ms)
========================================================================
Worker process is ready to serve import requests
Caller must complete domain reload
Begin MonoManager ReloadAssembly
- Loaded All Assemblies, in  0.736 seconds
Native extension for WindowsStandalone target not found
Native extension for WeixinMiniGame target not found
Native extension for WebGL target not found
Mono: successfully reloaded assembly
- Finished resetting the current domain, in  0.599 seconds
Domain Reload Profiling: 1335ms
	BeginReloadAssembly (597ms)
		ExecutionOrderSort (0ms)
		DisableScriptedObjects (11ms)
		BackupInstance (0ms)
		ReleaseScriptingObjects (0ms)
		CreateAndSetChildDomain (30ms)
	RebuildCommonClasses (67ms)
	RebuildNativeTypeToScriptingClass (20ms)
	initialDomainReloadingComplete (28ms)
	LoadAllAssembliesAndSetupDomain (24ms)
		LoadAssemblies (510ms)
		RebuildTransferFunctionScriptingTraits (0ms)
		AnalyzeDomain (17ms)
			TypeCache.Refresh (12ms)
				TypeCache.ScanAssembly (4ms)
			ScanForSourceGeneratedMonoScriptInfo (2ms)
			ResolveRequiredComponents (2ms)
	FinalizeReload (600ms)
		ReleaseScriptCaches (0ms)
		RebuildScriptCaches (0ms)
		SetupLoadedEditorAssemblies (380ms)
			LogAssemblyErrors (0ms)
			InitializePlatformSupportModulesInManaged (15ms)
			SetLoadedEditorAssemblies (12ms)
			RefreshPlugins (0ms)
			BeforeProcessingInitializeOnLoad (68ms)
			ProcessInitializeOnLoadAttributes (268ms)
			ProcessInitializeOnLoadMethodAttributes (14ms)
			AfterProcessingInitializeOnLoad (3ms)
			EditorAssembliesLoaded (0ms)
		ExecutionOrderSort2 (0ms)
		AwakeInstancesAfterBackupRestoration (28ms)
Refreshing native plugins compatible for Editor in 0.00 ms, found 0 plugins.
Preloading 0 native plugins for Editor in 0.00 ms.
Unloading 245 Unused Serialized files (Serialized files now loaded: 0)
Unloading 3 unused Assets / (49.0 KB). Loaded Objects now: 739.
Memory consumption went from 59.3 MB to 59.3 MB.
Total: 2.886800 ms (FindLiveObjects: 0.055600 ms CreateObjectMapping: 0.010400 ms MarkObjects: 2.754300 ms  DeleteObjects: 0.065200 ms)

AssetImportParameters requested are different than current active one (requested -> active):
  custom:video-encoder-webm-vp8: eb34c28f22e8b96e1ab97ce403110664 -> 
  custom:scripting/monoscript/fileName/Scene_Controller.cs: ec66ecc5173ad732e7debfff6b9ab324 -> d2a9b226f318f9b60cdcd60564ace5d0
  custom:video-decoder-webm-vp8: 9c59270c3fd7afecdb556c50c9e8de78 -> 
  custom:scripting/monoscript/fileName/Toggle.cs: 4cb543bb68fde582140fd72b05842d44 -> b45d08bff92cfe919ffa4d2065849460
  custom:audio-decoder-ogg-vorbis: bf7c407c2cedff20999df2af8eb42d56 -> 
  custom:video-decoder-ogg-theora: a1e56fd34408186e4bbccfd4996cb3dc -> 
  custom:audio-encoder-webm-vorbis: bf7c407c2cedff20999df2af8eb42d56 -> 
  custom:container-demuxer-webm: 4f35f7cbe854078d1ac9338744f61a02 -> 
  custom:SearchIndexIgnoredProperties: e643bd26f0fe6173181afceb89e7c659 -> 
  custom:container-muxer-webm: aa71ff27fc2769a1b78a27578f13a17b -> 
  custom:video-codec-MediaFoundation-h265: 746d11721c4dcdbdad8f713fa42b33f4 -> 
  custom:container-demuxer-ogg: 62fdf1f143b41e24485cea50d1cbac27 -> 
  custom:AudioImporter_EditorPlatform: d09bf68614088b80899f8185d706f6e7 -> 
  custom:CustomObjectIndexerAttribute: 299a746012abc5adb0180d4ccda8d3ad -> 
  custom:framework-win-MediaFoundation: 216162199b28c13a410421893ffa2e32 -> 
========================================================================
Received Import Request.
  Time since last request: 26548.897646 seconds.
  path: Assets/prefab/SkillSlot.prefab
  artifactKey: Guid(4d5ddb8a05e0e3d48a9309db4d541b79) Importer(PreviewImporter)
Start importing Assets/prefab/SkillSlot.prefab using Guid(4d5ddb8a05e0e3d48a9309db4d541b79) Importer(PreviewImporter)  -> (artifact id: '95d35654aa80c0ccdf5f69d2e807304e') in 0.071100 seconds
Number of asset objects unloaded after import = 37
========================================================================
Received Import Request.
  Time since last request: 0.000021 seconds.
  path: Assets/prefab/Bullet_bullet_01.prefab
  artifactKey: Guid(7b81d0ddfb652ad469ef12bf1653b844) Importer(PreviewImporter)
Start importing Assets/prefab/Bullet_bullet_01.prefab using Guid(7b81d0ddfb652ad469ef12bf1653b844) Importer(PreviewImporter) Launched and connected shader compiler TuanjieShaderCompiler.exe after 0.16 seconds
NullReferenceException: Object reference not set to an instance of an object
  at UnityEditor.GameObjectInspector.RenderStaticPreview (System.String assetPath, UnityEngine.Object[] subAssets, System.Int32 width, System.Int32 height) [0x000d9] in <4a60f25ec8a5418d9cdb0c5852e24bd7>:0 
  at UnityEditor.AssetPreviewUpdater.CreatePreview (UnityEngine.Object obj, UnityEngine.Object[] subAssets, System.String assetPath, System.Int32 width, System.Int32 height) [0x00093] in <4a60f25ec8a5418d9cdb0c5852e24bd7>:0 
  at UnityEditor.AssetPreviewUpdater.CreatePreviewForAsset (UnityEngine.Object obj, UnityEngine.Object[] subAssets, System.String assetPath) [0x0000e] in <4a60f25ec8a5418d9cdb0c5852e24bd7>:0 

 -> (artifact id: '7572d8b65176ac05850ea5e9651546fc') in 0.327821 seconds
Number of asset objects unloaded after import = 12
========================================================================
Received Import Request.
  Time since last request: 0.000028 seconds.
  path: Assets/prefab/Bullet_bullet_03.prefab
  artifactKey: Guid(60e4c6136969fb64591366f312e70130) Importer(PreviewImporter)
Start importing Assets/prefab/Bullet_bullet_03.prefab using Guid(60e4c6136969fb64591366f312e70130) Importer(PreviewImporter)  -> (artifact id: '0793ee458e91ce73a034c3e9f2b95ff3') in 0.003263 seconds
Number of asset objects unloaded after import = 11
========================================================================
Received Import Request.
  Time since last request: 0.000029 seconds.
  path: Assets/prefab/Bullet_bullet_02.prefab
  artifactKey: Guid(913f045d02139ae4da4b1ac64a2a57df) Importer(PreviewImporter)
Start importing Assets/prefab/Bullet_bullet_02.prefab using Guid(913f045d02139ae4da4b1ac64a2a57df) Importer(PreviewImporter) NullReferenceException: Object reference not set to an instance of an object
  at UnityEditor.GameObjectInspector.RenderStaticPreview (System.String assetPath, UnityEngine.Object[] subAssets, System.Int32 width, System.Int32 height) [0x000d9] in <4a60f25ec8a5418d9cdb0c5852e24bd7>:0 
  at UnityEditor.AssetPreviewUpdater.CreatePreview (UnityEngine.Object obj, UnityEngine.Object[] subAssets, System.String assetPath, System.Int32 width, System.Int32 height) [0x00093] in <4a60f25ec8a5418d9cdb0c5852e24bd7>:0 
  at UnityEditor.AssetPreviewUpdater.CreatePreviewForAsset (UnityEngine.Object obj, UnityEngine.Object[] subAssets, System.String assetPath) [0x0000e] in <4a60f25ec8a5418d9cdb0c5852e24bd7>:0 

 -> (artifact id: 'cbf9e28fe0d37969f5f5f58cb52b471a') in 0.005232 seconds
Number of asset objects unloaded after import = 12
========================================================================
Received Import Request.
  Time since last request: 0.000022 seconds.
  path: Assets/prefab/HealthBar.prefab
  artifactKey: Guid(e0b13ea695aa21c48a4e3f2559026a4f) Importer(PreviewImporter)
Start importing Assets/prefab/HealthBar.prefab using Guid(e0b13ea695aa21c48a4e3f2559026a4f) Importer(PreviewImporter)  -> (artifact id: 'a42587685ec9b43e3294b44803a36e29') in 0.006429 seconds
Number of asset objects unloaded after import = 24
========================================================================
Received Import Request.
  Time since last request: 14.897906 seconds.
  path: Assets/prefab/HealthBar.prefab
  artifactKey: Guid(e0b13ea695aa21c48a4e3f2559026a4f) Importer(PreviewImporter)
Start importing Assets/prefab/HealthBar.prefab using Guid(e0b13ea695aa21c48a4e3f2559026a4f) Importer(PreviewImporter)  -> (artifact id: 'bf3c0c610ba58b874f67296c49ceb4ee') in 0.002108 seconds
Number of asset objects unloaded after import = 24
========================================================================
Received Import Request.
  Time since last request: 4.946435 seconds.
  path: Assets/prefab/Player.prefab
  artifactKey: Guid(84766f84ecf91ae45bbade3bc3210648) Importer(PreviewImporter)
Start importing Assets/prefab/Player.prefab using Guid(84766f84ecf91ae45bbade3bc3210648) Importer(PreviewImporter)  -> (artifact id: '6af21de85a0b77b7de76a54370aa559e') in 0.004261 seconds
Number of asset objects unloaded after import = 32
========================================================================
Received Prepare
Caller must complete domain reload
Begin MonoManager ReloadAssembly
Releasing render texture that is set to be RenderTexture.active!
UnityEngine.StackTraceUtility:ExtractStackTrace ()
UnityEngine.Object:DestroyImmediate (UnityEngine.Object)
UnityEditor.PreviewRenderUtility:Cleanup ()
UnityEditor.GameObjectInspector/PreviewData:Dispose ()
UnityEditor.GameObjectInspector:OnDisable ()

[C:\b\o\dev\tj\Runtime\Graphics\RenderTexture.cpp line 1327]

- Loaded All Assemblies, in  0.288 seconds
Native extension for WindowsStandalone target not found
Native extension for WeixinMiniGame target not found
Native extension for WebGL target not found
Mono: successfully reloaded assembly
- Finished resetting the current domain, in  0.447 seconds
Domain Reload Profiling: 734ms
	BeginReloadAssembly (185ms)
		ExecutionOrderSort (0ms)
		DisableScriptedObjects (9ms)
		BackupInstance (0ms)
		ReleaseScriptingObjects (0ms)
		CreateAndSetChildDomain (20ms)
	RebuildCommonClasses (44ms)
	RebuildNativeTypeToScriptingClass (17ms)
	initialDomainReloadingComplete (23ms)
	LoadAllAssembliesAndSetupDomain (18ms)
		LoadAssemblies (135ms)
		RebuildTransferFunctionScriptingTraits (0ms)
		AnalyzeDomain (12ms)
			TypeCache.Refresh (7ms)
				TypeCache.ScanAssembly (1ms)
			ScanForSourceGeneratedMonoScriptInfo (1ms)
			ResolveRequiredComponents (3ms)
	FinalizeReload (447ms)
		ReleaseScriptCaches (0ms)
		RebuildScriptCaches (0ms)
		SetupLoadedEditorAssemblies (270ms)
			LogAssemblyErrors (0ms)
			InitializePlatformSupportModulesInManaged (9ms)
			SetLoadedEditorAssemblies (7ms)
			RefreshPlugins (0ms)
			BeforeProcessingInitializeOnLoad (41ms)
			ProcessInitializeOnLoadAttributes (193ms)
			ProcessInitializeOnLoadMethodAttributes (16ms)
			AfterProcessingInitializeOnLoad (4ms)
			EditorAssembliesLoaded (0ms)
		ExecutionOrderSort2 (0ms)
		AwakeInstancesAfterBackupRestoration (34ms)
Refreshing native plugins compatible for Editor in 0.00 ms, found 0 plugins.
Preloading 0 native plugins for Editor in 0.00 ms.
Unloading 241 Unused Serialized files (Serialized files now loaded: 0)
Unloading 3 unused Assets / (22.8 KB). Loaded Objects now: 771.
Memory consumption went from 62.7 MB to 62.7 MB.
Total: 2.909900 ms (FindLiveObjects: 0.080200 ms CreateObjectMapping: 0.010100 ms MarkObjects: 2.781900 ms  DeleteObjects: 0.036600 ms)

AssetImportParameters requested are different than current active one (requested -> active):
  custom:video-encoder-webm-vp8: eb34c28f22e8b96e1ab97ce403110664 -> 
  custom:scripting/monoscript/fileName/Scene_Controller.cs: ec66ecc5173ad732e7debfff6b9ab324 -> d2a9b226f318f9b60cdcd60564ace5d0
  custom:video-decoder-webm-vp8: 9c59270c3fd7afecdb556c50c9e8de78 -> 
  custom:scripting/monoscript/fileName/Toggle.cs: 4cb543bb68fde582140fd72b05842d44 -> b45d08bff92cfe919ffa4d2065849460
  custom:audio-decoder-ogg-vorbis: bf7c407c2cedff20999df2af8eb42d56 -> 
  custom:video-decoder-ogg-theora: a1e56fd34408186e4bbccfd4996cb3dc -> 
  custom:audio-encoder-webm-vorbis: bf7c407c2cedff20999df2af8eb42d56 -> 
  custom:container-demuxer-webm: 4f35f7cbe854078d1ac9338744f61a02 -> 
  custom:SearchIndexIgnoredProperties: e643bd26f0fe6173181afceb89e7c659 -> 
  custom:container-muxer-webm: aa71ff27fc2769a1b78a27578f13a17b -> 
  custom:video-codec-MediaFoundation-h265: 746d11721c4dcdbdad8f713fa42b33f4 -> 
  custom:container-demuxer-ogg: 62fdf1f143b41e24485cea50d1cbac27 -> 
  custom:AudioImporter_EditorPlatform: d09bf68614088b80899f8185d706f6e7 -> 
  custom:CustomObjectIndexerAttribute: 299a746012abc5adb0180d4ccda8d3ad -> 
  custom:framework-win-MediaFoundation: 216162199b28c13a410421893ffa2e32 -> 
========================================================================
Received Prepare
Caller must complete domain reload
Begin MonoManager ReloadAssembly
- Loaded All Assemblies, in  0.607 seconds
Native extension for WindowsStandalone target not found
Native extension for WeixinMiniGame target not found
Native extension for WebGL target not found
Mono: successfully reloaded assembly
- Finished resetting the current domain, in  0.821 seconds
Domain Reload Profiling: 1429ms
	BeginReloadAssembly (359ms)
		ExecutionOrderSort (0ms)
		DisableScriptedObjects (19ms)
		BackupInstance (0ms)
		ReleaseScriptingObjects (0ms)
		CreateAndSetChildDomain (34ms)
	RebuildCommonClasses (79ms)
	RebuildNativeTypeToScriptingClass (46ms)
	initialDomainReloadingComplete (99ms)
	LoadAllAssembliesAndSetupDomain (25ms)
		LoadAssemblies (269ms)
		RebuildTransferFunctionScriptingTraits (0ms)
		AnalyzeDomain (16ms)
			TypeCache.Refresh (10ms)
				TypeCache.ScanAssembly (1ms)
			ScanForSourceGeneratedMonoScriptInfo (2ms)
			ResolveRequiredComponents (4ms)
	FinalizeReload (822ms)
		ReleaseScriptCaches (0ms)
		RebuildScriptCaches (0ms)
		SetupLoadedEditorAssemblies (526ms)
			LogAssemblyErrors (0ms)
			InitializePlatformSupportModulesInManaged (12ms)
			SetLoadedEditorAssemblies (56ms)
			RefreshPlugins (0ms)
			BeforeProcessingInitializeOnLoad (146ms)
			ProcessInitializeOnLoadAttributes (280ms)
			ProcessInitializeOnLoadMethodAttributes (24ms)
			AfterProcessingInitializeOnLoad (7ms)
			EditorAssembliesLoaded (0ms)
		ExecutionOrderSort2 (0ms)
		AwakeInstancesAfterBackupRestoration (43ms)
Refreshing native plugins compatible for Editor in 0.00 ms, found 0 plugins.
Preloading 0 native plugins for Editor in 0.00 ms.
Unloading 244 Unused Serialized files (Serialized files now loaded: 0)
Unloading 3 unused Assets / (22.8 KB). Loaded Objects now: 773.
Memory consumption went from 62.9 MB to 62.9 MB.
Total: 2.053000 ms (FindLiveObjects: 0.062600 ms CreateObjectMapping: 0.012800 ms MarkObjects: 1.952400 ms  DeleteObjects: 0.024000 ms)

AssetImportParameters requested are different than current active one (requested -> active):
  custom:video-encoder-webm-vp8: eb34c28f22e8b96e1ab97ce403110664 -> 
  custom:scripting/monoscript/fileName/Scene_Controller.cs: ec66ecc5173ad732e7debfff6b9ab324 -> d2a9b226f318f9b60cdcd60564ace5d0
  custom:video-decoder-webm-vp8: 9c59270c3fd7afecdb556c50c9e8de78 -> 
  custom:scripting/monoscript/fileName/EnergyManager.cs: 688e901e89568dc9d63b939ffcf4230a -> 
  custom:scripting/monoscript/fileName/Toggle.cs: 4cb543bb68fde582140fd72b05842d44 -> b45d08bff92cfe919ffa4d2065849460
  custom:audio-decoder-ogg-vorbis: bf7c407c2cedff20999df2af8eb42d56 -> 
  custom:video-decoder-ogg-theora: a1e56fd34408186e4bbccfd4996cb3dc -> 
  custom:audio-encoder-webm-vorbis: bf7c407c2cedff20999df2af8eb42d56 -> 
  custom:container-demuxer-webm: 4f35f7cbe854078d1ac9338744f61a02 -> 
  custom:SearchIndexIgnoredProperties: e643bd26f0fe6173181afceb89e7c659 -> 
  custom:container-muxer-webm: aa71ff27fc2769a1b78a27578f13a17b -> 
  custom:video-codec-MediaFoundation-h265: 746d11721c4dcdbdad8f713fa42b33f4 -> 
  custom:container-demuxer-ogg: 62fdf1f143b41e24485cea50d1cbac27 -> 
  custom:AudioImporter_EditorPlatform: d09bf68614088b80899f8185d706f6e7 -> 
  custom:scripting/monoscript/fileName/EnergyBarUI.cs: 8cc96bdc7989a1507d13058989df99e6 -> 
  custom:scripting/precompiled-assembly-types:GeometryTowerDefense: 2fb4f5d20e83edca8fafd6892e8db29b -> 1810bfd57694c6ebaaa8f7f66c59f16e
  custom:CustomObjectIndexerAttribute: 299a746012abc5adb0180d4ccda8d3ad -> 
  custom:framework-win-MediaFoundation: 216162199b28c13a410421893ffa2e32 -> 
========================================================================
Received Prepare
Caller must complete domain reload
Begin MonoManager ReloadAssembly
- Loaded All Assemblies, in  0.270 seconds
Native extension for WindowsStandalone target not found
Native extension for WeixinMiniGame target not found
Native extension for WebGL target not found
Mono: successfully reloaded assembly
- Finished resetting the current domain, in  0.413 seconds
Domain Reload Profiling: 683ms
	BeginReloadAssembly (178ms)
		ExecutionOrderSort (0ms)
		DisableScriptedObjects (9ms)
		BackupInstance (0ms)
		ReleaseScriptingObjects (0ms)
		CreateAndSetChildDomain (21ms)
	RebuildCommonClasses (43ms)
	RebuildNativeTypeToScriptingClass (15ms)
	initialDomainReloadingComplete (21ms)
	LoadAllAssembliesAndSetupDomain (12ms)
		LoadAssemblies (128ms)
		RebuildTransferFunctionScriptingTraits (0ms)
		AnalyzeDomain (6ms)
			TypeCache.Refresh (3ms)
				TypeCache.ScanAssembly (0ms)
			ScanForSourceGeneratedMonoScriptInfo (0ms)
			ResolveRequiredComponents (2ms)
	FinalizeReload (413ms)
		ReleaseScriptCaches (0ms)
		RebuildScriptCaches (0ms)
		SetupLoadedEditorAssemblies (241ms)
			LogAssemblyErrors (0ms)
			InitializePlatformSupportModulesInManaged (8ms)
			SetLoadedEditorAssemblies (6ms)
			RefreshPlugins (0ms)
			BeforeProcessingInitializeOnLoad (38ms)
			ProcessInitializeOnLoadAttributes (174ms)
			ProcessInitializeOnLoadMethodAttributes (12ms)
			AfterProcessingInitializeOnLoad (3ms)
			EditorAssembliesLoaded (0ms)
		ExecutionOrderSort2 (0ms)
		AwakeInstancesAfterBackupRestoration (37ms)
Refreshing native plugins compatible for Editor in 0.00 ms, found 0 plugins.
Preloading 0 native plugins for Editor in 0.00 ms.
Unloading 244 Unused Serialized files (Serialized files now loaded: 0)
Unloading 3 unused Assets / (22.8 KB). Loaded Objects now: 773.
Memory consumption went from 63.0 MB to 62.9 MB.
Total: 2.323300 ms (FindLiveObjects: 0.057000 ms CreateObjectMapping: 0.011000 ms MarkObjects: 2.217700 ms  DeleteObjects: 0.036500 ms)

AssetImportParameters requested are different than current active one (requested -> active):
  custom:video-encoder-webm-vp8: eb34c28f22e8b96e1ab97ce403110664 -> 
  custom:scripting/monoscript/fileName/Scene_Controller.cs: ec66ecc5173ad732e7debfff6b9ab324 -> d2a9b226f318f9b60cdcd60564ace5d0
  custom:video-decoder-webm-vp8: 9c59270c3fd7afecdb556c50c9e8de78 -> 
  custom:scripting/monoscript/fileName/EnergyManager.cs: 688e901e89568dc9d63b939ffcf4230a -> 
  custom:scripting/monoscript/fileName/Toggle.cs: 4cb543bb68fde582140fd72b05842d44 -> b45d08bff92cfe919ffa4d2065849460
  custom:audio-decoder-ogg-vorbis: bf7c407c2cedff20999df2af8eb42d56 -> 
  custom:video-decoder-ogg-theora: a1e56fd34408186e4bbccfd4996cb3dc -> 
  custom:audio-encoder-webm-vorbis: bf7c407c2cedff20999df2af8eb42d56 -> 
  custom:container-demuxer-webm: 4f35f7cbe854078d1ac9338744f61a02 -> 
  custom:SearchIndexIgnoredProperties: e643bd26f0fe6173181afceb89e7c659 -> 
  custom:container-muxer-webm: aa71ff27fc2769a1b78a27578f13a17b -> 
  custom:video-codec-MediaFoundation-h265: 746d11721c4dcdbdad8f713fa42b33f4 -> 
  custom:container-demuxer-ogg: 62fdf1f143b41e24485cea50d1cbac27 -> 
  custom:AudioImporter_EditorPlatform: d09bf68614088b80899f8185d706f6e7 -> 
  custom:scripting/monoscript/fileName/EnergyBarUI.cs: 8cc96bdc7989a1507d13058989df99e6 -> 
  custom:scripting/precompiled-assembly-types:GeometryTowerDefense: 2fb4f5d20e83edca8fafd6892e8db29b -> 1810bfd57694c6ebaaa8f7f66c59f16e
  custom:CustomObjectIndexerAttribute: 299a746012abc5adb0180d4ccda8d3ad -> 
  custom:framework-win-MediaFoundation: 216162199b28c13a410421893ffa2e32 -> 
========================================================================
Received Import Request.
  Time since last request: 996.499199 seconds.
  path: Assets/prefab/Player.prefab
  artifactKey: Guid(84766f84ecf91ae45bbade3bc3210648) Importer(PreviewImporter)
Start importing Assets/prefab/Player.prefab using Guid(84766f84ecf91ae45bbade3bc3210648) Importer(PreviewImporter)  -> (artifact id: '227aa8a7eb1370bec040b31eaff4d2d9') in 0.056965 seconds
Number of asset objects unloaded after import = 32
========================================================================
Received Import Request.
  Time since last request: 15.189165 seconds.
  path: Assets/prefab/Player.prefab
  artifactKey: Guid(84766f84ecf91ae45bbade3bc3210648) Importer(PreviewImporter)
Start importing Assets/prefab/Player.prefab using Guid(84766f84ecf91ae45bbade3bc3210648) Importer(PreviewImporter)  -> (artifact id: '70eb9f07b43204460fc8ed8732229342') in 0.002945 seconds
Number of asset objects unloaded after import = 32
========================================================================
Received Import Request.
  Time since last request: 1.014091 seconds.
  path: Assets/prefab/Player.prefab
  artifactKey: Guid(84766f84ecf91ae45bbade3bc3210648) Importer(PreviewImporter)
Start importing Assets/prefab/Player.prefab using Guid(84766f84ecf91ae45bbade3bc3210648) Importer(PreviewImporter)  -> (artifact id: '90f46cc1c14d39228b7064500f0a37b8') in 0.004774 seconds
Number of asset objects unloaded after import = 32
========================================================================
Received Import Request.
  Time since last request: 7.356698 seconds.
  path: Assets/prefab/Player.prefab
  artifactKey: Guid(84766f84ecf91ae45bbade3bc3210648) Importer(PreviewImporter)
Start importing Assets/prefab/Player.prefab using Guid(84766f84ecf91ae45bbade3bc3210648) Importer(PreviewImporter)  -> (artifact id: '5f63d1da9a49d07764ff3b63509e03d4') in 0.003397 seconds
Number of asset objects unloaded after import = 32
========================================================================
Received Import Request.
  Time since last request: 16.278428 seconds.
  path: Assets/prefab/Player.prefab
  artifactKey: Guid(84766f84ecf91ae45bbade3bc3210648) Importer(PreviewImporter)
Start importing Assets/prefab/Player.prefab using Guid(84766f84ecf91ae45bbade3bc3210648) Importer(PreviewImporter)  -> (artifact id: '0faeda38f21e2665fe99af8bd1b2de94') in 0.003701 seconds
Number of asset objects unloaded after import = 32
========================================================================
Received Import Request.
  Time since last request: 20.944332 seconds.
  path: Assets/prefab/Player.prefab
  artifactKey: Guid(84766f84ecf91ae45bbade3bc3210648) Importer(PreviewImporter)
Start importing Assets/prefab/Player.prefab using Guid(84766f84ecf91ae45bbade3bc3210648) Importer(PreviewImporter)  -> (artifact id: '49ef7b36aa1c17f9be195f200fd356bf') in 0.006254 seconds
Number of asset objects unloaded after import = 33
========================================================================
Received Import Request.
  Time since last request: 0.726570 seconds.
  path: Assets/prefab/Player.prefab
  artifactKey: Guid(84766f84ecf91ae45bbade3bc3210648) Importer(PreviewImporter)
Start importing Assets/prefab/Player.prefab using Guid(84766f84ecf91ae45bbade3bc3210648) Importer(PreviewImporter)  -> (artifact id: '586f368952a6a3559412814e48f4ee10') in 0.005496 seconds
Number of asset objects unloaded after import = 33
========================================================================
Received Import Request.
  Time since last request: 10.865608 seconds.
  path: Assets/prefab/Player.prefab
  artifactKey: Guid(84766f84ecf91ae45bbade3bc3210648) Importer(PreviewImporter)
Start importing Assets/prefab/Player.prefab using Guid(84766f84ecf91ae45bbade3bc3210648) Importer(PreviewImporter)  -> (artifact id: 'fecb7c852ee75503fe8a8fe0e2b1c3f4') in 0.003011 seconds
Number of asset objects unloaded after import = 32
========================================================================
Received Import Request.
  Time since last request: 0.196204 seconds.
  path: Assets/prefab/Player.prefab
  artifactKey: Guid(84766f84ecf91ae45bbade3bc3210648) Importer(PreviewImporter)
Start importing Assets/prefab/Player.prefab using Guid(84766f84ecf91ae45bbade3bc3210648) Importer(PreviewImporter)  -> (artifact id: '4850f6721ccbf69b0a865d88ed40f4a0') in 0.002778 seconds
Number of asset objects unloaded after import = 32
========================================================================
Received Import Request.
  Time since last request: 0.607106 seconds.
  path: Assets/prefab/Player.prefab
  artifactKey: Guid(84766f84ecf91ae45bbade3bc3210648) Importer(PreviewImporter)
Start importing Assets/prefab/Player.prefab using Guid(84766f84ecf91ae45bbade3bc3210648) Importer(PreviewImporter)  -> (artifact id: '7aa53e2b09d71240953227cc17079ebc') in 0.003012 seconds
Number of asset objects unloaded after import = 32
========================================================================
Received Import Request.
  Time since last request: 3.838535 seconds.
  path: Assets/ui/Space_Exploration_GUI_Kit/Fonts/Font Sources/static/Asap_SemiExpanded-SemiBoldItalic.ttf
  artifactKey: Guid(1de6f60990a8a99428895fdf73d092b6) Importer(PreviewImporter)
Start importing Assets/ui/Space_Exploration_GUI_Kit/Fonts/Font Sources/static/Asap_SemiExpanded-SemiBoldItalic.ttf using Guid(1de6f60990a8a99428895fdf73d092b6) Importer(PreviewImporter)  -> (artifact id: 'fe2c564f9af3461c553aaa49560f8060') in 0.098201 seconds
Number of asset objects unloaded after import = 4
========================================================================
Received Import Request.
  Time since last request: 0.000027 seconds.
  path: Assets/ui/Space_Exploration_GUI_Kit/Fonts/Font Sources/static/Asap_SemiExpanded-Thin.ttf
  artifactKey: Guid(a71dbce625574814e99ecb69620fffbd) Importer(PreviewImporter)
Start importing Assets/ui/Space_Exploration_GUI_Kit/Fonts/Font Sources/static/Asap_SemiExpanded-Thin.ttf using Guid(a71dbce625574814e99ecb69620fffbd) Importer(PreviewImporter)  -> (artifact id: 'bda1e8595d0198cfaf79ad3bb40a7409') in 0.011090 seconds
Number of asset objects unloaded after import = 4
========================================================================
Received Import Request.
  Time since last request: 0.000026 seconds.
  path: Assets/ui/Space_Exploration_GUI_Kit/Fonts/Font Sources/static/Asap_SemiExpanded-ThinItalic.ttf
  artifactKey: Guid(c00bbf6757c61cc4cac58d25d68e8745) Importer(PreviewImporter)
Start importing Assets/ui/Space_Exploration_GUI_Kit/Fonts/Font Sources/static/Asap_SemiExpanded-ThinItalic.ttf using Guid(c00bbf6757c61cc4cac58d25d68e8745) Importer(PreviewImporter)  -> (artifact id: 'ef690b014d0a0d18e0cc6b0e36642557') in 0.009388 seconds
Number of asset objects unloaded after import = 4
========================================================================
Received Import Request.
  Time since last request: 7.509989 seconds.
  path: Assets/ui/Space_Exploration_GUI_Kit/Fonts/Font Sources/static/Asap_SemiExpanded-Regular.ttf
  artifactKey: Guid(e101bdf8d80c8064094a4ac1ffc2e785) Importer(PreviewImporter)
Start importing Assets/ui/Space_Exploration_GUI_Kit/Fonts/Font Sources/static/Asap_SemiExpanded-Regular.ttf using Guid(e101bdf8d80c8064094a4ac1ffc2e785) Importer(PreviewImporter)  -> (artifact id: 'f57ae96f376c884862a841781a214411') in 0.009567 seconds
Number of asset objects unloaded after import = 4
========================================================================
Received Import Request.
  Time since last request: 0.000020 seconds.
  path: Assets/ui/Space_Exploration_GUI_Kit/Fonts/Font Sources/static/Asap_SemiExpanded-SemiBold.ttf
  artifactKey: Guid(caec50c9db582f64b82e758a38546e15) Importer(PreviewImporter)
Start importing Assets/ui/Space_Exploration_GUI_Kit/Fonts/Font Sources/static/Asap_SemiExpanded-SemiBold.ttf using Guid(caec50c9db582f64b82e758a38546e15) Importer(PreviewImporter)  -> (artifact id: '0b06baafff6054d85a520b6b28abce12') in 0.011644 seconds
Number of asset objects unloaded after import = 4
========================================================================
Received Import Request.
  Time since last request: 0.879472 seconds.
  path: Assets/ui/Space_Exploration_GUI_Kit/Fonts/Font Sources/static/Asap_SemiExpanded-Medium.ttf
  artifactKey: Guid(d8df9582a107a1a489371d8c2da711dd) Importer(PreviewImporter)
Start importing Assets/ui/Space_Exploration_GUI_Kit/Fonts/Font Sources/static/Asap_SemiExpanded-Medium.ttf using Guid(d8df9582a107a1a489371d8c2da711dd) Importer(PreviewImporter)  -> (artifact id: '40d3071c44983268a3c848e21be9f717') in 0.012954 seconds
Number of asset objects unloaded after import = 4
========================================================================
Received Import Request.
  Time since last request: 0.000019 seconds.
  path: Assets/ui/Space_Exploration_GUI_Kit/Fonts/Font Sources/static/Asap_SemiExpanded-MediumItalic.ttf
  artifactKey: Guid(f144c57e36170bb4a920c12b2f32505f) Importer(PreviewImporter)
Start importing Assets/ui/Space_Exploration_GUI_Kit/Fonts/Font Sources/static/Asap_SemiExpanded-MediumItalic.ttf using Guid(f144c57e36170bb4a920c12b2f32505f) Importer(PreviewImporter)  -> (artifact id: '81112085eb34101ce42eefaa3916c0f4') in 0.013033 seconds
Number of asset objects unloaded after import = 4
========================================================================
Received Import Request.
  Time since last request: 0.040363 seconds.
  path: Assets/ui/Space_Exploration_GUI_Kit/Fonts/Font Sources/static/Asap_SemiExpanded-Light.ttf
  artifactKey: Guid(99a13c530b776ad488f0d9d306082a9b) Importer(PreviewImporter)
Start importing Assets/ui/Space_Exploration_GUI_Kit/Fonts/Font Sources/static/Asap_SemiExpanded-Light.ttf using Guid(99a13c530b776ad488f0d9d306082a9b) Importer(PreviewImporter)  -> (artifact id: '3a47931556803c3dcff722168fe12f21') in 0.010846 seconds
Number of asset objects unloaded after import = 4
========================================================================
Received Import Request.
  Time since last request: 0.000017 seconds.
  path: Assets/ui/Space_Exploration_GUI_Kit/Fonts/Font Sources/static/Asap_SemiExpanded-LightItalic.ttf
  artifactKey: Guid(acc1127b7cf19a840a13de04983c2ad2) Importer(PreviewImporter)
Start importing Assets/ui/Space_Exploration_GUI_Kit/Fonts/Font Sources/static/Asap_SemiExpanded-LightItalic.ttf using Guid(acc1127b7cf19a840a13de04983c2ad2) Importer(PreviewImporter)  -> (artifact id: '8bd932090b71cfc582ed3684d2bc81fd') in 0.011631 seconds
Number of asset objects unloaded after import = 4
========================================================================
Received Import Request.
  Time since last request: 0.635690 seconds.
  path: Assets/ui/Space_Exploration_GUI_Kit/Fonts/Font Sources/static/Asap_SemiExpanded-ExtraLightItalic.ttf
  artifactKey: Guid(647cc5afddd432944870720510e7b52e) Importer(PreviewImporter)
Start importing Assets/ui/Space_Exploration_GUI_Kit/Fonts/Font Sources/static/Asap_SemiExpanded-ExtraLightItalic.ttf using Guid(647cc5afddd432944870720510e7b52e) Importer(PreviewImporter)  -> (artifact id: 'fd4cd664fb42fb429dfb448e5deb859c') in 0.011124 seconds
Number of asset objects unloaded after import = 4
========================================================================
Received Import Request.
  Time since last request: 0.000017 seconds.
  path: Assets/ui/Space_Exploration_GUI_Kit/Fonts/Font Sources/static/Asap_SemiExpanded-Italic.ttf
  artifactKey: Guid(240daffe90f924c4cb6ee08e6c5c2e0b) Importer(PreviewImporter)
Start importing Assets/ui/Space_Exploration_GUI_Kit/Fonts/Font Sources/static/Asap_SemiExpanded-Italic.ttf using Guid(240daffe90f924c4cb6ee08e6c5c2e0b) Importer(PreviewImporter)  -> (artifact id: '0ca3bf3e48b763e0558e47499e1c58f7') in 0.010346 seconds
Number of asset objects unloaded after import = 4
========================================================================
Received Import Request.
  Time since last request: 0.036777 seconds.
  path: Assets/ui/Space_Exploration_GUI_Kit/Fonts/Font Sources/static/Asap_SemiExpanded-ExtraBoldItalic.ttf
  artifactKey: Guid(c32ee0853b2c29c4ea6e3359e1c81f7a) Importer(PreviewImporter)
Start importing Assets/ui/Space_Exploration_GUI_Kit/Fonts/Font Sources/static/Asap_SemiExpanded-ExtraBoldItalic.ttf using Guid(c32ee0853b2c29c4ea6e3359e1c81f7a) Importer(PreviewImporter)  -> (artifact id: 'b72e4f54b5d919519952a1539f27e3bf') in 0.009611 seconds
Number of asset objects unloaded after import = 4
========================================================================
Received Import Request.
  Time since last request: 0.000017 seconds.
  path: Assets/ui/Space_Exploration_GUI_Kit/Fonts/Font Sources/static/Asap_SemiExpanded-ExtraBold.ttf
  artifactKey: Guid(b9aeda38c27773542911edee9d5a7380) Importer(PreviewImporter)
Start importing Assets/ui/Space_Exploration_GUI_Kit/Fonts/Font Sources/static/Asap_SemiExpanded-ExtraBold.ttf using Guid(b9aeda38c27773542911edee9d5a7380) Importer(PreviewImporter)  -> (artifact id: '957635e0e2269b0a2bb11f64786c594d') in 0.011092 seconds
Number of asset objects unloaded after import = 4
========================================================================
Received Import Request.
  Time since last request: 0.000021 seconds.
  path: Assets/ui/Space_Exploration_GUI_Kit/Fonts/Font Sources/static/Asap_SemiExpanded-ExtraLight.ttf
  artifactKey: Guid(14804176c5603ce44a72b8448f95f47e) Importer(PreviewImporter)
Start importing Assets/ui/Space_Exploration_GUI_Kit/Fonts/Font Sources/static/Asap_SemiExpanded-ExtraLight.ttf using Guid(14804176c5603ce44a72b8448f95f47e) Importer(PreviewImporter)  -> (artifact id: 'e6c3d6d26f3cbc3909e98bf9fc9795a6') in 0.009206 seconds
Number of asset objects unloaded after import = 4
========================================================================
Received Import Request.
  Time since last request: 0.000026 seconds.
  path: Assets/ui/Space_Exploration_GUI_Kit/Fonts/Font Sources/static/Asap_SemiExpanded-BoldItalic.ttf
  artifactKey: Guid(acb0fa3a0d76d034bb365f88dfbaa49d) Importer(PreviewImporter)
Start importing Assets/ui/Space_Exploration_GUI_Kit/Fonts/Font Sources/static/Asap_SemiExpanded-BoldItalic.ttf using Guid(acb0fa3a0d76d034bb365f88dfbaa49d) Importer(PreviewImporter)  -> (artifact id: 'bbf8d1b1158c87827f54017e6f70d733') in 0.010394 seconds
Number of asset objects unloaded after import = 4
========================================================================
Received Import Request.
  Time since last request: 0.249886 seconds.
  path: Assets/ui/Space_Exploration_GUI_Kit/Fonts/Font Sources/static/Asap_SemiExpanded-BlackItalic.ttf
  artifactKey: Guid(c763a7b5a337a9f4096a5f8f515c9b5a) Importer(PreviewImporter)
Start importing Assets/ui/Space_Exploration_GUI_Kit/Fonts/Font Sources/static/Asap_SemiExpanded-BlackItalic.ttf using Guid(c763a7b5a337a9f4096a5f8f515c9b5a) Importer(PreviewImporter)  -> (artifact id: 'a40b151be7d4e4d0c8b8b1371d1c80aa') in 0.013178 seconds
Number of asset objects unloaded after import = 4
========================================================================
Received Import Request.
  Time since last request: 0.000058 seconds.
  path: Assets/ui/Space_Exploration_GUI_Kit/Fonts/Font Sources/static/Asap_SemiCondensed-ThinItalic.ttf
  artifactKey: Guid(306eb113fb8ebfb45a5545cab933846d) Importer(PreviewImporter)
Start importing Assets/ui/Space_Exploration_GUI_Kit/Fonts/Font Sources/static/Asap_SemiCondensed-ThinItalic.ttf using Guid(306eb113fb8ebfb45a5545cab933846d) Importer(PreviewImporter)  -> (artifact id: '94707f59c662711841ba084fd3b17a57') in 0.010685 seconds
Number of asset objects unloaded after import = 4
========================================================================
Received Import Request.
  Time since last request: 0.000018 seconds.
  path: Assets/ui/Space_Exploration_GUI_Kit/Fonts/Font Sources/static/Asap_SemiExpanded-Black.ttf
  artifactKey: Guid(6256296a123a2a549b42e1e0cee2a6fb) Importer(PreviewImporter)
Start importing Assets/ui/Space_Exploration_GUI_Kit/Fonts/Font Sources/static/Asap_SemiExpanded-Black.ttf using Guid(6256296a123a2a549b42e1e0cee2a6fb) Importer(PreviewImporter)  -> (artifact id: 'b9a51f12a278df4535c18fe2488a6ad5') in 0.009617 seconds
Number of asset objects unloaded after import = 4
========================================================================
Received Import Request.
  Time since last request: 0.000020 seconds.
  path: Assets/ui/Space_Exploration_GUI_Kit/Fonts/Font Sources/static/Asap_SemiExpanded-Bold.ttf
  artifactKey: Guid(80eaf024404d4dc42ac5039546ecef14) Importer(PreviewImporter)
Start importing Assets/ui/Space_Exploration_GUI_Kit/Fonts/Font Sources/static/Asap_SemiExpanded-Bold.ttf using Guid(80eaf024404d4dc42ac5039546ecef14) Importer(PreviewImporter)  -> (artifact id: '467394f7bc08a95057929cc159459aea') in 0.010006 seconds
Number of asset objects unloaded after import = 4
========================================================================
Received Import Request.
  Time since last request: 0.047020 seconds.
  path: Assets/ui/Space_Exploration_GUI_Kit/Fonts/Font Sources/static/Asap_SemiCondensed-SemiBoldItalic.ttf
  artifactKey: Guid(e214a0f6a3dd29b43ac7b0a247b0ab32) Importer(PreviewImporter)
Start importing Assets/ui/Space_Exploration_GUI_Kit/Fonts/Font Sources/static/Asap_SemiCondensed-SemiBoldItalic.ttf using Guid(e214a0f6a3dd29b43ac7b0a247b0ab32) Importer(PreviewImporter)  -> (artifact id: '4362ea20576b4e137a6549e76f6e16cd') in 0.011657 seconds
Number of asset objects unloaded after import = 4
========================================================================
Received Import Request.
  Time since last request: 0.000033 seconds.
  path: Assets/ui/Space_Exploration_GUI_Kit/Fonts/Font Sources/static/Asap_SemiCondensed-Thin.ttf
  artifactKey: Guid(b2834d61d65178a4798d894b904b7e03) Importer(PreviewImporter)
Start importing Assets/ui/Space_Exploration_GUI_Kit/Fonts/Font Sources/static/Asap_SemiCondensed-Thin.ttf using Guid(b2834d61d65178a4798d894b904b7e03) Importer(PreviewImporter)  -> (artifact id: '10d405eabae14b1ad65020b57b97469b') in 0.009007 seconds
Number of asset objects unloaded after import = 4
========================================================================
Received Import Request.
  Time since last request: 0.546282 seconds.
  path: Assets/ui/Space_Exploration_GUI_Kit/Fonts/Font Sources/static/Asap_SemiCondensed-Regular.ttf
  artifactKey: Guid(2724424ebf302d44499acc36886a7db5) Importer(PreviewImporter)
Start importing Assets/ui/Space_Exploration_GUI_Kit/Fonts/Font Sources/static/Asap_SemiCondensed-Regular.ttf using Guid(2724424ebf302d44499acc36886a7db5) Importer(PreviewImporter)  -> (artifact id: '075c50f333b9b03b9b0732f46741bf1c') in 0.009381 seconds
Number of asset objects unloaded after import = 4
========================================================================
Received Import Request.
  Time since last request: 0.000020 seconds.
  path: Assets/ui/Space_Exploration_GUI_Kit/Fonts/Font Sources/static/Asap_SemiCondensed-SemiBold.ttf
  artifactKey: Guid(53c38cca34deaed409f0e16ea9c6afe0) Importer(PreviewImporter)
Start importing Assets/ui/Space_Exploration_GUI_Kit/Fonts/Font Sources/static/Asap_SemiCondensed-SemiBold.ttf using Guid(53c38cca34deaed409f0e16ea9c6afe0) Importer(PreviewImporter)  -> (artifact id: 'cca30851edb21c374764b4f7fa95963e') in 0.010511 seconds
Number of asset objects unloaded after import = 4
========================================================================
Received Import Request.
  Time since last request: 0.013641 seconds.
  path: Assets/ui/Space_Exploration_GUI_Kit/Fonts/Font Sources/static/Asap_SemiCondensed-Medium.ttf
  artifactKey: Guid(673f3f657c83a2f43bee4cc0b912e5ed) Importer(PreviewImporter)
Start importing Assets/ui/Space_Exploration_GUI_Kit/Fonts/Font Sources/static/Asap_SemiCondensed-Medium.ttf using Guid(673f3f657c83a2f43bee4cc0b912e5ed) Importer(PreviewImporter)  -> (artifact id: '236a959c2977dc535934a9200a55be90') in 0.011829 seconds
Number of asset objects unloaded after import = 4
========================================================================
Received Import Request.
  Time since last request: 0.000021 seconds.
  path: Assets/ui/Space_Exploration_GUI_Kit/Fonts/Font Sources/static/Asap_SemiCondensed-MediumItalic.ttf
  artifactKey: Guid(a576637c766382c4599d16f4cfde6a0c) Importer(PreviewImporter)
Start importing Assets/ui/Space_Exploration_GUI_Kit/Fonts/Font Sources/static/Asap_SemiCondensed-MediumItalic.ttf using Guid(a576637c766382c4599d16f4cfde6a0c) Importer(PreviewImporter)  -> (artifact id: 'f401f45362435931099eb44ce9ea3e26') in 0.009195 seconds
Number of asset objects unloaded after import = 4
========================================================================
Received Import Request.
  Time since last request: 792.496960 seconds.
  path: Assets/script/Editor/GeometryTowerDefense.Editor.asmdef
  artifactKey: Guid(5ee82de5c86190042923e97ae8a42822) Importer(PreviewImporter)
Start importing Assets/script/Editor/GeometryTowerDefense.Editor.asmdef using Guid(5ee82de5c86190042923e97ae8a42822) Importer(PreviewImporter)  -> (artifact id: '3383147c1d24612f65248a983ac14700') in 0.002090 seconds
Number of asset objects unloaded after import = 0
========================================================================
Received Prepare
Caller must complete domain reload
Begin MonoManager ReloadAssembly
- Loaded All Assemblies, in  0.312 seconds
Native extension for WindowsStandalone target not found
Native extension for WeixinMiniGame target not found
Native extension for WebGL target not found
Mono: successfully reloaded assembly
- Finished resetting the current domain, in  0.457 seconds
Domain Reload Profiling: 769ms
	BeginReloadAssembly (200ms)
		ExecutionOrderSort (0ms)
		DisableScriptedObjects (7ms)
		BackupInstance (0ms)
		ReleaseScriptingObjects (0ms)
		CreateAndSetChildDomain (29ms)
	RebuildCommonClasses (45ms)
	RebuildNativeTypeToScriptingClass (18ms)
	initialDomainReloadingComplete (29ms)
	LoadAllAssembliesAndSetupDomain (19ms)
		LoadAssemblies (145ms)
		RebuildTransferFunctionScriptingTraits (0ms)
		AnalyzeDomain (12ms)
			TypeCache.Refresh (7ms)
				TypeCache.ScanAssembly (0ms)
			ScanForSourceGeneratedMonoScriptInfo (1ms)
			ResolveRequiredComponents (4ms)
	FinalizeReload (458ms)
		ReleaseScriptCaches (0ms)
		RebuildScriptCaches (0ms)
		SetupLoadedEditorAssemblies (269ms)
			LogAssemblyErrors (0ms)
			InitializePlatformSupportModulesInManaged (9ms)
			SetLoadedEditorAssemblies (6ms)
			RefreshPlugins (0ms)
			BeforeProcessingInitializeOnLoad (44ms)
			ProcessInitializeOnLoadAttributes (195ms)
			ProcessInitializeOnLoadMethodAttributes (12ms)
			AfterProcessingInitializeOnLoad (3ms)
			EditorAssembliesLoaded (0ms)
		ExecutionOrderSort2 (0ms)
		AwakeInstancesAfterBackupRestoration (35ms)
Refreshing native plugins compatible for Editor in 0.00 ms, found 0 plugins.
Preloading 0 native plugins for Editor in 0.00 ms.
Unloading 243 Unused Serialized files (Serialized files now loaded: 0)
Unloading 3 unused Assets / (22.8 KB). Loaded Objects now: 812.
Memory consumption went from 63.3 MB to 63.3 MB.
Total: 2.033100 ms (FindLiveObjects: 0.059200 ms CreateObjectMapping: 0.011200 ms MarkObjects: 1.930700 ms  DeleteObjects: 0.031100 ms)

AssetImportParameters requested are different than current active one (requested -> active):
  custom:video-encoder-webm-vp8: eb34c28f22e8b96e1ab97ce403110664 -> 
  custom:scripting/monoscript/fileName/Scene_Controller.cs: ec66ecc5173ad732e7debfff6b9ab324 -> d2a9b226f318f9b60cdcd60564ace5d0
  custom:video-decoder-webm-vp8: 9c59270c3fd7afecdb556c50c9e8de78 -> 
  custom:scripting/monoscript/fileName/EnergyManager.cs: 688e901e89568dc9d63b939ffcf4230a -> 
  custom:scripting/monoscript/fileName/Toggle.cs: 4cb543bb68fde582140fd72b05842d44 -> b45d08bff92cfe919ffa4d2065849460
  custom:audio-decoder-ogg-vorbis: bf7c407c2cedff20999df2af8eb42d56 -> 
  custom:video-decoder-ogg-theora: a1e56fd34408186e4bbccfd4996cb3dc -> 
  custom:audio-encoder-webm-vorbis: bf7c407c2cedff20999df2af8eb42d56 -> 
  custom:container-demuxer-webm: 4f35f7cbe854078d1ac9338744f61a02 -> 
  custom:SearchIndexIgnoredProperties: e643bd26f0fe6173181afceb89e7c659 -> 
  custom:container-muxer-webm: aa71ff27fc2769a1b78a27578f13a17b -> 
  custom:video-codec-MediaFoundation-h265: 746d11721c4dcdbdad8f713fa42b33f4 -> 
  custom:container-demuxer-ogg: 62fdf1f143b41e24485cea50d1cbac27 -> 
  custom:AudioImporter_EditorPlatform: d09bf68614088b80899f8185d706f6e7 -> 
  custom:scripting/monoscript/fileName/EnergyBarUI.cs: 8cc96bdc7989a1507d13058989df99e6 -> 
  custom:scripting/precompiled-assembly-types:GeometryTowerDefense: 2fb4f5d20e83edca8fafd6892e8db29b -> 1810bfd57694c6ebaaa8f7f66c59f16e
  custom:CustomObjectIndexerAttribute: 299a746012abc5adb0180d4ccda8d3ad -> 
  custom:framework-win-MediaFoundation: 216162199b28c13a410421893ffa2e32 -> 
========================================================================
Received Prepare
Caller must complete domain reload
Begin MonoManager ReloadAssembly
- Loaded All Assemblies, in  0.264 seconds
Native extension for WindowsStandalone target not found
Native extension for WeixinMiniGame target not found
Native extension for WebGL target not found
Mono: successfully reloaded assembly
- Finished resetting the current domain, in  0.415 seconds
Domain Reload Profiling: 679ms
	BeginReloadAssembly (173ms)
		ExecutionOrderSort (0ms)
		DisableScriptedObjects (9ms)
		BackupInstance (0ms)
		ReleaseScriptingObjects (0ms)
		CreateAndSetChildDomain (20ms)
	RebuildCommonClasses (42ms)
	RebuildNativeTypeToScriptingClass (15ms)
	initialDomainReloadingComplete (21ms)
	LoadAllAssembliesAndSetupDomain (11ms)
		LoadAssemblies (125ms)
		RebuildTransferFunctionScriptingTraits (0ms)
		AnalyzeDomain (6ms)
			TypeCache.Refresh (3ms)
				TypeCache.ScanAssembly (0ms)
			ScanForSourceGeneratedMonoScriptInfo (0ms)
			ResolveRequiredComponents (3ms)
	FinalizeReload (415ms)
		ReleaseScriptCaches (0ms)
		RebuildScriptCaches (0ms)
		SetupLoadedEditorAssemblies (243ms)
			LogAssemblyErrors (0ms)
			InitializePlatformSupportModulesInManaged (8ms)
			SetLoadedEditorAssemblies (6ms)
			RefreshPlugins (0ms)
			BeforeProcessingInitializeOnLoad (41ms)
			ProcessInitializeOnLoadAttributes (172ms)
			ProcessInitializeOnLoadMethodAttributes (12ms)
			AfterProcessingInitializeOnLoad (3ms)
			EditorAssembliesLoaded (0ms)
		ExecutionOrderSort2 (0ms)
		AwakeInstancesAfterBackupRestoration (38ms)
Refreshing native plugins compatible for Editor in 0.00 ms, found 0 plugins.
Preloading 0 native plugins for Editor in 0.00 ms.
Unloading 244 Unused Serialized files (Serialized files now loaded: 0)
Unloading 3 unused Assets / (22.8 KB). Loaded Objects now: 812.
Memory consumption went from 63.5 MB to 63.4 MB.
Total: 3.800500 ms (FindLiveObjects: 0.086400 ms CreateObjectMapping: 0.014100 ms MarkObjects: 3.666300 ms  DeleteObjects: 0.032700 ms)

AssetImportParameters requested are different than current active one (requested -> active):
  custom:video-encoder-webm-vp8: eb34c28f22e8b96e1ab97ce403110664 -> 
  custom:scripting/monoscript/fileName/Scene_Controller.cs: ec66ecc5173ad732e7debfff6b9ab324 -> d2a9b226f318f9b60cdcd60564ace5d0
  custom:video-decoder-webm-vp8: 9c59270c3fd7afecdb556c50c9e8de78 -> 
  custom:scripting/monoscript/fileName/EnergyManager.cs: 688e901e89568dc9d63b939ffcf4230a -> 
  custom:scripting/monoscript/fileName/Toggle.cs: 4cb543bb68fde582140fd72b05842d44 -> b45d08bff92cfe919ffa4d2065849460
  custom:audio-decoder-ogg-vorbis: bf7c407c2cedff20999df2af8eb42d56 -> 
  custom:video-decoder-ogg-theora: a1e56fd34408186e4bbccfd4996cb3dc -> 
  custom:audio-encoder-webm-vorbis: bf7c407c2cedff20999df2af8eb42d56 -> 
  custom:container-demuxer-webm: 4f35f7cbe854078d1ac9338744f61a02 -> 
  custom:SearchIndexIgnoredProperties: e643bd26f0fe6173181afceb89e7c659 -> 
  custom:container-muxer-webm: aa71ff27fc2769a1b78a27578f13a17b -> 
  custom:video-codec-MediaFoundation-h265: 746d11721c4dcdbdad8f713fa42b33f4 -> 
  custom:container-demuxer-ogg: 62fdf1f143b41e24485cea50d1cbac27 -> 
  custom:AudioImporter_EditorPlatform: d09bf68614088b80899f8185d706f6e7 -> 
  custom:scripting/monoscript/fileName/EnergyBarUI.cs: 8cc96bdc7989a1507d13058989df99e6 -> 
  custom:scripting/precompiled-assembly-types:GeometryTowerDefense: 2fb4f5d20e83edca8fafd6892e8db29b -> 1810bfd57694c6ebaaa8f7f66c59f16e
  custom:CustomObjectIndexerAttribute: 299a746012abc5adb0180d4ccda8d3ad -> 
  custom:framework-win-MediaFoundation: 216162199b28c13a410421893ffa2e32 -> 
========================================================================
Received Prepare
Caller must complete domain reload
Begin MonoManager ReloadAssembly
- Loaded All Assemblies, in  0.296 seconds
Native extension for WindowsStandalone target not found
Native extension for WeixinMiniGame target not found
Native extension for WebGL target not found
Mono: successfully reloaded assembly
- Finished resetting the current domain, in  0.463 seconds
Domain Reload Profiling: 760ms
	BeginReloadAssembly (194ms)
		ExecutionOrderSort (0ms)
		DisableScriptedObjects (10ms)
		BackupInstance (0ms)
		ReleaseScriptingObjects (0ms)
		CreateAndSetChildDomain (20ms)
	RebuildCommonClasses (44ms)
	RebuildNativeTypeToScriptingClass (17ms)
	initialDomainReloadingComplete (24ms)
	LoadAllAssembliesAndSetupDomain (17ms)
		LoadAssemblies (139ms)
		RebuildTransferFunctionScriptingTraits (0ms)
		AnalyzeDomain (11ms)
			TypeCache.Refresh (7ms)
				TypeCache.ScanAssembly (1ms)
			ScanForSourceGeneratedMonoScriptInfo (1ms)
			ResolveRequiredComponents (3ms)
	FinalizeReload (464ms)
		ReleaseScriptCaches (0ms)
		RebuildScriptCaches (0ms)
		SetupLoadedEditorAssemblies (269ms)
			LogAssemblyErrors (0ms)
			InitializePlatformSupportModulesInManaged (8ms)
			SetLoadedEditorAssemblies (8ms)
			RefreshPlugins (0ms)
			BeforeProcessingInitializeOnLoad (46ms)
			ProcessInitializeOnLoadAttributes (190ms)
			ProcessInitializeOnLoadMethodAttributes (13ms)
			AfterProcessingInitializeOnLoad (4ms)
			EditorAssembliesLoaded (0ms)
		ExecutionOrderSort2 (0ms)
		AwakeInstancesAfterBackupRestoration (41ms)
Refreshing native plugins compatible for Editor in 0.00 ms, found 0 plugins.
Preloading 0 native plugins for Editor in 0.00 ms.
Unloading 244 Unused Serialized files (Serialized files now loaded: 0)
Unloading 3 unused Assets / (22.8 KB). Loaded Objects now: 812.
Memory consumption went from 63.5 MB to 63.4 MB.
Total: 1.989400 ms (FindLiveObjects: 0.059600 ms CreateObjectMapping: 0.011300 ms MarkObjects: 1.896200 ms  DeleteObjects: 0.021400 ms)

AssetImportParameters requested are different than current active one (requested -> active):
  custom:video-encoder-webm-vp8: eb34c28f22e8b96e1ab97ce403110664 -> 
  custom:scripting/monoscript/fileName/Scene_Controller.cs: ec66ecc5173ad732e7debfff6b9ab324 -> d2a9b226f318f9b60cdcd60564ace5d0
  custom:video-decoder-webm-vp8: 9c59270c3fd7afecdb556c50c9e8de78 -> 
  custom:scripting/monoscript/fileName/EnergyManager.cs: 688e901e89568dc9d63b939ffcf4230a -> 
  custom:scripting/monoscript/fileName/Toggle.cs: 4cb543bb68fde582140fd72b05842d44 -> b45d08bff92cfe919ffa4d2065849460
  custom:audio-decoder-ogg-vorbis: bf7c407c2cedff20999df2af8eb42d56 -> 
  custom:video-decoder-ogg-theora: a1e56fd34408186e4bbccfd4996cb3dc -> 
  custom:audio-encoder-webm-vorbis: bf7c407c2cedff20999df2af8eb42d56 -> 
  custom:container-demuxer-webm: 4f35f7cbe854078d1ac9338744f61a02 -> 
  custom:SearchIndexIgnoredProperties: e643bd26f0fe6173181afceb89e7c659 -> 
  custom:container-muxer-webm: aa71ff27fc2769a1b78a27578f13a17b -> 
  custom:video-codec-MediaFoundation-h265: 746d11721c4dcdbdad8f713fa42b33f4 -> 
  custom:container-demuxer-ogg: 62fdf1f143b41e24485cea50d1cbac27 -> 
  custom:AudioImporter_EditorPlatform: d09bf68614088b80899f8185d706f6e7 -> 
  custom:scripting/monoscript/fileName/EnergyBarUI.cs: 8cc96bdc7989a1507d13058989df99e6 -> 
  custom:scripting/precompiled-assembly-types:GeometryTowerDefense: 2fb4f5d20e83edca8fafd6892e8db29b -> 1810bfd57694c6ebaaa8f7f66c59f16e
  custom:CustomObjectIndexerAttribute: 299a746012abc5adb0180d4ccda8d3ad -> 
  custom:framework-win-MediaFoundation: 216162199b28c13a410421893ffa2e32 -> 
========================================================================
Received Prepare
Caller must complete domain reload
Begin MonoManager ReloadAssembly
- Loaded All Assemblies, in  0.260 seconds
Native extension for WindowsStandalone target not found
Native extension for WeixinMiniGame target not found
Native extension for WebGL target not found
Mono: successfully reloaded assembly
- Finished resetting the current domain, in  0.408 seconds
Domain Reload Profiling: 668ms
	BeginReloadAssembly (169ms)
		ExecutionOrderSort (0ms)
		DisableScriptedObjects (8ms)
		BackupInstance (0ms)
		ReleaseScriptingObjects (0ms)
		CreateAndSetChildDomain (18ms)
	RebuildCommonClasses (40ms)
	RebuildNativeTypeToScriptingClass (15ms)
	initialDomainReloadingComplete (21ms)
	LoadAllAssembliesAndSetupDomain (14ms)
		LoadAssemblies (123ms)
		RebuildTransferFunctionScriptingTraits (0ms)
		AnalyzeDomain (10ms)
			TypeCache.Refresh (6ms)
				TypeCache.ScanAssembly (0ms)
			ScanForSourceGeneratedMonoScriptInfo (0ms)
			ResolveRequiredComponents (2ms)
	FinalizeReload (408ms)
		ReleaseScriptCaches (0ms)
		RebuildScriptCaches (0ms)
		SetupLoadedEditorAssemblies (240ms)
			LogAssemblyErrors (0ms)
			InitializePlatformSupportModulesInManaged (9ms)
			SetLoadedEditorAssemblies (7ms)
			RefreshPlugins (0ms)
			BeforeProcessingInitializeOnLoad (39ms)
			ProcessInitializeOnLoadAttributes (170ms)
			ProcessInitializeOnLoadMethodAttributes (11ms)
			AfterProcessingInitializeOnLoad (3ms)
			EditorAssembliesLoaded (0ms)
		ExecutionOrderSort2 (0ms)
		AwakeInstancesAfterBackupRestoration (35ms)
Refreshing native plugins compatible for Editor in 0.00 ms, found 0 plugins.
Preloading 0 native plugins for Editor in 0.00 ms.
Unloading 244 Unused Serialized files (Serialized files now loaded: 0)
Unloading 3 unused Assets / (22.8 KB). Loaded Objects now: 812.
Memory consumption went from 63.5 MB to 63.5 MB.
Total: 2.260700 ms (FindLiveObjects: 0.062100 ms CreateObjectMapping: 0.011700 ms MarkObjects: 2.163900 ms  DeleteObjects: 0.021800 ms)

AssetImportParameters requested are different than current active one (requested -> active):
  custom:video-encoder-webm-vp8: eb34c28f22e8b96e1ab97ce403110664 -> 
  custom:scripting/monoscript/fileName/Scene_Controller.cs: ec66ecc5173ad732e7debfff6b9ab324 -> d2a9b226f318f9b60cdcd60564ace5d0
  custom:video-decoder-webm-vp8: 9c59270c3fd7afecdb556c50c9e8de78 -> 
  custom:scripting/monoscript/fileName/EnergyManager.cs: 688e901e89568dc9d63b939ffcf4230a -> 
  custom:scripting/monoscript/fileName/Toggle.cs: 4cb543bb68fde582140fd72b05842d44 -> b45d08bff92cfe919ffa4d2065849460
  custom:audio-decoder-ogg-vorbis: bf7c407c2cedff20999df2af8eb42d56 -> 
  custom:video-decoder-ogg-theora: a1e56fd34408186e4bbccfd4996cb3dc -> 
  custom:audio-encoder-webm-vorbis: bf7c407c2cedff20999df2af8eb42d56 -> 
  custom:container-demuxer-webm: 4f35f7cbe854078d1ac9338744f61a02 -> 
  custom:SearchIndexIgnoredProperties: e643bd26f0fe6173181afceb89e7c659 -> 
  custom:container-muxer-webm: aa71ff27fc2769a1b78a27578f13a17b -> 
  custom:video-codec-MediaFoundation-h265: 746d11721c4dcdbdad8f713fa42b33f4 -> 
  custom:container-demuxer-ogg: 62fdf1f143b41e24485cea50d1cbac27 -> 
  custom:AudioImporter_EditorPlatform: d09bf68614088b80899f8185d706f6e7 -> 
  custom:scripting/monoscript/fileName/EnergyBarUI.cs: 8cc96bdc7989a1507d13058989df99e6 -> 
  custom:scripting/precompiled-assembly-types:GeometryTowerDefense: 2fb4f5d20e83edca8fafd6892e8db29b -> 1810bfd57694c6ebaaa8f7f66c59f16e
  custom:CustomObjectIndexerAttribute: 299a746012abc5adb0180d4ccda8d3ad -> 
  custom:framework-win-MediaFoundation: 216162199b28c13a410421893ffa2e32 -> 
========================================================================
Received Prepare
Caller must complete domain reload
Begin MonoManager ReloadAssembly
- Loaded All Assemblies, in  0.263 seconds
Native extension for WindowsStandalone target not found
Native extension for WeixinMiniGame target not found
Native extension for WebGL target not found
Mono: successfully reloaded assembly
- Finished resetting the current domain, in  0.409 seconds
Domain Reload Profiling: 673ms
	BeginReloadAssembly (174ms)
		ExecutionOrderSort (0ms)
		DisableScriptedObjects (9ms)
		BackupInstance (0ms)
		ReleaseScriptingObjects (0ms)
		CreateAndSetChildDomain (19ms)
	RebuildCommonClasses (42ms)
	RebuildNativeTypeToScriptingClass (15ms)
	initialDomainReloadingComplete (21ms)
	LoadAllAssembliesAndSetupDomain (11ms)
		LoadAssemblies (126ms)
		RebuildTransferFunctionScriptingTraits (0ms)
		AnalyzeDomain (7ms)
			TypeCache.Refresh (4ms)
				TypeCache.ScanAssembly (0ms)
			ScanForSourceGeneratedMonoScriptInfo (0ms)
			ResolveRequiredComponents (2ms)
	FinalizeReload (410ms)
		ReleaseScriptCaches (0ms)
		RebuildScriptCaches (0ms)
		SetupLoadedEditorAssemblies (237ms)
			LogAssemblyErrors (0ms)
			InitializePlatformSupportModulesInManaged (8ms)
			SetLoadedEditorAssemblies (6ms)
			RefreshPlugins (0ms)
			BeforeProcessingInitializeOnLoad (38ms)
			ProcessInitializeOnLoadAttributes (171ms)
			ProcessInitializeOnLoadMethodAttributes (11ms)
			AfterProcessingInitializeOnLoad (4ms)
			EditorAssembliesLoaded (0ms)
		ExecutionOrderSort2 (0ms)
		AwakeInstancesAfterBackupRestoration (33ms)
Refreshing native plugins compatible for Editor in 0.00 ms, found 0 plugins.
Preloading 0 native plugins for Editor in 0.00 ms.
Unloading 244 Unused Serialized files (Serialized files now loaded: 0)
Unloading 3 unused Assets / (22.8 KB). Loaded Objects now: 812.
Memory consumption went from 63.5 MB to 63.5 MB.
Total: 2.283900 ms (FindLiveObjects: 0.090800 ms CreateObjectMapping: 0.021100 ms MarkObjects: 2.151700 ms  DeleteObjects: 0.019300 ms)

AssetImportParameters requested are different than current active one (requested -> active):
  custom:video-encoder-webm-vp8: eb34c28f22e8b96e1ab97ce403110664 -> 
  custom:scripting/monoscript/fileName/Scene_Controller.cs: ec66ecc5173ad732e7debfff6b9ab324 -> d2a9b226f318f9b60cdcd60564ace5d0
  custom:video-decoder-webm-vp8: 9c59270c3fd7afecdb556c50c9e8de78 -> 
  custom:scripting/monoscript/fileName/EnergyManager.cs: 688e901e89568dc9d63b939ffcf4230a -> 
  custom:scripting/monoscript/fileName/Toggle.cs: 4cb543bb68fde582140fd72b05842d44 -> b45d08bff92cfe919ffa4d2065849460
  custom:audio-decoder-ogg-vorbis: bf7c407c2cedff20999df2af8eb42d56 -> 
  custom:video-decoder-ogg-theora: a1e56fd34408186e4bbccfd4996cb3dc -> 
  custom:audio-encoder-webm-vorbis: bf7c407c2cedff20999df2af8eb42d56 -> 
  custom:container-demuxer-webm: 4f35f7cbe854078d1ac9338744f61a02 -> 
  custom:SearchIndexIgnoredProperties: e643bd26f0fe6173181afceb89e7c659 -> 
  custom:container-muxer-webm: aa71ff27fc2769a1b78a27578f13a17b -> 
  custom:video-codec-MediaFoundation-h265: 746d11721c4dcdbdad8f713fa42b33f4 -> 
  custom:container-demuxer-ogg: 62fdf1f143b41e24485cea50d1cbac27 -> 
  custom:AudioImporter_EditorPlatform: d09bf68614088b80899f8185d706f6e7 -> 
  custom:scripting/monoscript/fileName/EnergyBarUI.cs: 8cc96bdc7989a1507d13058989df99e6 -> 
  custom:scripting/precompiled-assembly-types:GeometryTowerDefense: 2fb4f5d20e83edca8fafd6892e8db29b -> 1810bfd57694c6ebaaa8f7f66c59f16e
  custom:CustomObjectIndexerAttribute: 299a746012abc5adb0180d4ccda8d3ad -> 
  custom:framework-win-MediaFoundation: 216162199b28c13a410421893ffa2e32 -> 
========================================================================
Received Import Request.
  Time since last request: 832.091553 seconds.
  path: Assets/ui/Space_Exploration_GUI_Kit/Background_Images/large/background-1-large.png
  artifactKey: Guid(754be423731686044b63f5ecc7d8b7f8) Importer(PreviewImporter)
Start importing Assets/ui/Space_Exploration_GUI_Kit/Background_Images/large/background-1-large.png using Guid(754be423731686044b63f5ecc7d8b7f8) Importer(PreviewImporter)  -> (artifact id: 'c40dca256b2cdb6ec659eabebbeea4f1') in 0.102195 seconds
Number of asset objects unloaded after import = 3
========================================================================
Received Import Request.
  Time since last request: 0.000017 seconds.
  path: Assets/ui/Space_Exploration_GUI_Kit/Background_Images/large/background-overlay-large.png
  artifactKey: Guid(3df164b4ebc68e447b4d331f0f042202) Importer(PreviewImporter)
Start importing Assets/ui/Space_Exploration_GUI_Kit/Background_Images/large/background-overlay-large.png using Guid(3df164b4ebc68e447b4d331f0f042202) Importer(PreviewImporter)  -> (artifact id: '266c1ce1ce7748d3a635618e388b9e5e') in 0.013588 seconds
Number of asset objects unloaded after import = 3
========================================================================
Received Import Request.
  Time since last request: 0.000023 seconds.
  path: Assets/ui/Space_Exploration_GUI_Kit/Background_Images/large/background-2-large.png
  artifactKey: Guid(844c34bed364fee4a88beda69136001e) Importer(PreviewImporter)
Start importing Assets/ui/Space_Exploration_GUI_Kit/Background_Images/large/background-2-large.png using Guid(844c34bed364fee4a88beda69136001e) Importer(PreviewImporter)  -> (artifact id: '6973c48a51f00b5c9e14aece290ce184') in 0.009075 seconds
Number of asset objects unloaded after import = 3
========================================================================
Received Import Request.
  Time since last request: 0.000029 seconds.
  path: Assets/ui/Space_Exploration_GUI_Kit/Background_Images/large/home-background-large.png
  artifactKey: Guid(20219dabb45dcf547b0390f6d10f76d2) Importer(PreviewImporter)
Start importing Assets/ui/Space_Exploration_GUI_Kit/Background_Images/large/home-background-large.png using Guid(20219dabb45dcf547b0390f6d10f76d2) Importer(PreviewImporter)  -> (artifact id: 'ef49802600d9e00c67f7a7143cca3a52') in 0.012148 seconds
Number of asset objects unloaded after import = 3
========================================================================
Received Prepare
Caller must complete domain reload
Begin MonoManager ReloadAssembly
- Loaded All Assemblies, in  0.262 seconds
Native extension for WindowsStandalone target not found
Native extension for WeixinMiniGame target not found
Native extension for WebGL target not found
Mono: successfully reloaded assembly
- Finished resetting the current domain, in  0.402 seconds
Domain Reload Profiling: 664ms
	BeginReloadAssembly (171ms)
		ExecutionOrderSort (0ms)
		DisableScriptedObjects (7ms)
		BackupInstance (0ms)
		ReleaseScriptingObjects (0ms)
		CreateAndSetChildDomain (19ms)
	RebuildCommonClasses (41ms)
	RebuildNativeTypeToScriptingClass (18ms)
	initialDomainReloadingComplete (21ms)
	LoadAllAssembliesAndSetupDomain (11ms)
		LoadAssemblies (124ms)
		RebuildTransferFunctionScriptingTraits (0ms)
		AnalyzeDomain (6ms)
			TypeCache.Refresh (3ms)
				TypeCache.ScanAssembly (0ms)
			ScanForSourceGeneratedMonoScriptInfo (0ms)
			ResolveRequiredComponents (3ms)
	FinalizeReload (402ms)
		ReleaseScriptCaches (0ms)
		RebuildScriptCaches (0ms)
		SetupLoadedEditorAssemblies (234ms)
			LogAssemblyErrors (0ms)
			InitializePlatformSupportModulesInManaged (8ms)
			SetLoadedEditorAssemblies (6ms)
			RefreshPlugins (0ms)
			BeforeProcessingInitializeOnLoad (40ms)
			ProcessInitializeOnLoadAttributes (166ms)
			ProcessInitializeOnLoadMethodAttributes (11ms)
			AfterProcessingInitializeOnLoad (3ms)
			EditorAssembliesLoaded (0ms)
		ExecutionOrderSort2 (0ms)
		AwakeInstancesAfterBackupRestoration (37ms)
Refreshing native plugins compatible for Editor in 0.00 ms, found 0 plugins.
Preloading 0 native plugins for Editor in 0.00 ms.
Unloading 243 Unused Serialized files (Serialized files now loaded: 0)
Unloading 3 unused Assets / (22.8 KB). Loaded Objects now: 815.
Memory consumption went from 63.3 MB to 63.3 MB.
Total: 2.376400 ms (FindLiveObjects: 0.061700 ms CreateObjectMapping: 0.011400 ms MarkObjects: 2.221500 ms  DeleteObjects: 0.080700 ms)

AssetImportParameters requested are different than current active one (requested -> active):
  custom:video-encoder-webm-vp8: eb34c28f22e8b96e1ab97ce403110664 -> 
  custom:scripting/monoscript/fileName/Scene_Controller.cs: ec66ecc5173ad732e7debfff6b9ab324 -> d2a9b226f318f9b60cdcd60564ace5d0
  custom:video-decoder-webm-vp8: 9c59270c3fd7afecdb556c50c9e8de78 -> 
  custom:scripting/monoscript/fileName/EnergyManager.cs: 688e901e89568dc9d63b939ffcf4230a -> 
  custom:scripting/monoscript/fileName/Toggle.cs: 4cb543bb68fde582140fd72b05842d44 -> b45d08bff92cfe919ffa4d2065849460
  custom:audio-decoder-ogg-vorbis: bf7c407c2cedff20999df2af8eb42d56 -> 
  custom:video-decoder-ogg-theora: a1e56fd34408186e4bbccfd4996cb3dc -> 
  custom:audio-encoder-webm-vorbis: bf7c407c2cedff20999df2af8eb42d56 -> 
  custom:container-demuxer-webm: 4f35f7cbe854078d1ac9338744f61a02 -> 
  custom:SearchIndexIgnoredProperties: e643bd26f0fe6173181afceb89e7c659 -> 
  custom:container-muxer-webm: aa71ff27fc2769a1b78a27578f13a17b -> 
  custom:video-codec-MediaFoundation-h265: 746d11721c4dcdbdad8f713fa42b33f4 -> 
  custom:container-demuxer-ogg: 62fdf1f143b41e24485cea50d1cbac27 -> 
  custom:AudioImporter_EditorPlatform: d09bf68614088b80899f8185d706f6e7 -> 
  custom:scripting/monoscript/fileName/EnergyBarUI.cs: 8cc96bdc7989a1507d13058989df99e6 -> 
  custom:scripting/precompiled-assembly-types:GeometryTowerDefense: 2fb4f5d20e83edca8fafd6892e8db29b -> 1810bfd57694c6ebaaa8f7f66c59f16e
  custom:CustomObjectIndexerAttribute: 299a746012abc5adb0180d4ccda8d3ad -> 
  custom:framework-win-MediaFoundation: 216162199b28c13a410421893ffa2e32 -> 
========================================================================
Received Import Request.
  Time since last request: 365.090106 seconds.
  path: Assets/prefab/Player.prefab
  artifactKey: Guid(84766f84ecf91ae45bbade3bc3210648) Importer(PreviewImporter)
Start importing Assets/prefab/Player.prefab using Guid(84766f84ecf91ae45bbade3bc3210648) Importer(PreviewImporter)  -> (artifact id: 'a8562eaeaf50c78c3febdc24a3f566a4') in 0.038293 seconds
Number of asset objects unloaded after import = 40
========================================================================
Received Import Request.
  Time since last request: 2.591952 seconds.
  path: Assets/prefab/Player.prefab
  artifactKey: Guid(84766f84ecf91ae45bbade3bc3210648) Importer(PreviewImporter)
Start importing Assets/prefab/Player.prefab using Guid(84766f84ecf91ae45bbade3bc3210648) Importer(PreviewImporter)  -> (artifact id: '172a5798d6d9265804914fc8603be907') in 0.003055 seconds
Number of asset objects unloaded after import = 40
