Using pre-set license
Built from 'tuanjie/1.8/staging' branch; Version is '2022.3.62t6 (f6c5a11f8fe3) revision 16172449'; Using compiler version '192829333'; Build Type 'Release'
OS: 'Windows 10  (10.0.19045) 64bit Professional' Language: 'zh' Physical Memory: 16319 MB
BatchMode: 1, IsHumanControllingUs: 0, StartBugReporterOnCrash: 0, Is64bit: 1, IsPro: 1

COMMAND LINE ARGUMENTS:
H:\unityHub\2022.3.62t6\Editor\Tuanjie.exe
-adb2
-batchMode
-noUpm
-disableFMOD
-name
AssetImportWorker0
-projectPath
H:/project/p1_client
-logFile
Logs/AssetImportWorker0.log
-srvPort
53235
Successfully changed project path to: H:/project/p1_client
H:/project/p1_client
[Memory] Configuration Parameters - Can be set up in boot.config
    "memorysetup-bucket-allocator-granularity=16"
    "memorysetup-bucket-allocator-bucket-count=8"
    "memorysetup-bucket-allocator-block-size=33554432"
    "memorysetup-bucket-allocator-block-count=8"
    "memorysetup-main-allocator-block-size=16777216"
    "memorysetup-thread-allocator-block-size=16777216"
    "memorysetup-gfx-main-allocator-block-size=16777216"
    "memorysetup-gfx-thread-allocator-block-size=16777216"
    "memorysetup-cache-allocator-block-size=4194304"
    "memorysetup-typetree-allocator-block-size=2097152"
    "memorysetup-profiler-bucket-allocator-granularity=16"
    "memorysetup-profiler-bucket-allocator-bucket-count=8"
    "memorysetup-profiler-bucket-allocator-block-size=33554432"
    "memorysetup-profiler-bucket-allocator-block-count=8"
    "memorysetup-profiler-allocator-block-size=16777216"
    "memorysetup-profiler-editor-allocator-block-size=1048576"
    "memorysetup-temp-allocator-size-main=16777216"
    "memorysetup-job-temp-allocator-block-size=2097152"
    "memorysetup-job-temp-allocator-block-size-background=1048576"
    "memorysetup-job-temp-allocator-reduction-small-platforms=262144"
    "memorysetup-allocator-temp-initial-block-size-main=262144"
    "memorysetup-allocator-temp-initial-block-size-worker=262144"
    "memorysetup-temp-allocator-size-background-worker=32768"
    "memorysetup-temp-allocator-size-job-worker=262144"
    "memorysetup-temp-allocator-size-preload-manager=33554432"
    "memorysetup-temp-allocator-size-nav-mesh-worker=65536"
    "memorysetup-temp-allocator-size-audio-worker=65536"
    "memorysetup-temp-allocator-size-cloud-worker=32768"
    "memorysetup-temp-allocator-size-gi-baking-worker=262144"
    "memorysetup-temp-allocator-size-gfx=262144"
Player connection [32]  Target information:

Player connection [32]  * "[IP] 192.168.3.5 [Port] 0 [Flags] 2 [Guid] 2332437932 [EditorId] 2332437932 [Version] 1048832 [Id] WindowsEditor(7,DESKTOP-A285O2J) [Debug] 1 [PackageName] WindowsEditor [ProjectName] Editor" 

Player connection [32] Host joined multi-casting on [225.0.0.222:54997]...
Player connection [32] Host joined alternative multi-casting on [225.0.0.222:34997]...
Input System module state changed to: Initialized.
AS: AutoStreaming module initializing.
[LiveLink] LiveLink library is loaded successfully. Initializing...
InitScreenManager.Refreshing native plugins compatible for Editor in 0.00 ms, found 0 plugins.
Preloading 0 native plugins for Editor in 0.00 ms.
Initialize engine version: 2022.3.62t6 (f6c5a11f8fe3)
[Subsystems] Discovering subsystems at path H:/unityHub/2022.3.62t6/Editor/Data/Resources/UnitySubsystems
[Subsystems] Discovering subsystems at path H:/project/p1_client/Assets
GfxDevice: creating device client; threaded=0; jobified=0
Direct3D:
    Version:  Direct3D 11.0 [level 11.1]
    Renderer: Radeon RX550/550 Series (ID=0x699f)
    Vendor:   ATI
    VRAM:     4076 MB
    Driver:   30.0.13023.4001
Initialize mono
Mono path[0] = 'H:/unityHub/2022.3.62t6/Editor/Data/Managed'
Mono path[1] = 'H:/unityHub/2022.3.62t6/Editor/Data/MonoBleedingEdge/lib/mono/unityjit-win32'
Mono config path = 'H:/unityHub/2022.3.62t6/Editor/Data/MonoBleedingEdge/etc'
Using monoOptions --debugger-agent=transport=dt_socket,embedding=1,server=y,suspend=n,address=0.0.0.0:56440
Begin MonoManager ReloadAssembly
Registering precompiled tuanjie dll's ...
Register platform support module: H:/unityHub/2022.3.62t6/Editor/Data/PlaybackEngines/WebGLSupport/UnityEditor.WebGL.Extensions.dll
Register platform support module: H:/unityHub/2022.3.62t6/Editor/Data/PlaybackEngines/WeixinMiniGameSupport/UnityEditor.WeixinMiniGame.Extensions.dll
Register platform support module: H:/unityHub/2022.3.62t6/Editor/Data/PlaybackEngines/WindowsStandaloneSupport/UnityEditor.WindowsStandalone.Extensions.dll
Registered in 0.007449 seconds.
- Loaded All Assemblies, in  0.584 seconds
Native extension for WindowsStandalone target not found
Native extension for WeixinMiniGame target not found
Native extension for WebGL target not found
Mono: successfully reloaded assembly
- Finished resetting the current domain, in  0.378 seconds
Domain Reload Profiling: 962ms
	BeginReloadAssembly (143ms)
		ExecutionOrderSort (0ms)
		DisableScriptedObjects (0ms)
		BackupInstance (0ms)
		ReleaseScriptingObjects (0ms)
		CreateAndSetChildDomain (1ms)
	RebuildCommonClasses (43ms)
	RebuildNativeTypeToScriptingClass (16ms)
	initialDomainReloadingComplete (61ms)
	LoadAllAssembliesAndSetupDomain (321ms)
		LoadAssemblies (142ms)
		RebuildTransferFunctionScriptingTraits (0ms)
		AnalyzeDomain (318ms)
			TypeCache.Refresh (317ms)
				TypeCache.ScanAssembly (290ms)
			ScanForSourceGeneratedMonoScriptInfo (0ms)
			ResolveRequiredComponents (1ms)
	FinalizeReload (379ms)
		ReleaseScriptCaches (0ms)
		RebuildScriptCaches (0ms)
		SetupLoadedEditorAssemblies (304ms)
			LogAssemblyErrors (0ms)
			InitializePlatformSupportModulesInManaged (17ms)
			SetLoadedEditorAssemblies (11ms)
			RefreshPlugins (0ms)
			BeforeProcessingInitializeOnLoad (4ms)
			ProcessInitializeOnLoadAttributes (241ms)
			ProcessInitializeOnLoadMethodAttributes (30ms)
			AfterProcessingInitializeOnLoad (0ms)
			EditorAssembliesLoaded (0ms)
		ExecutionOrderSort2 (0ms)
		AwakeInstancesAfterBackupRestoration (0ms)
========================================================================
Worker process is ready to serve import requests
Caller must complete domain reload
Begin MonoManager ReloadAssembly
- Loaded All Assemblies, in  0.273 seconds
Native extension for WindowsStandalone target not found
Native extension for WeixinMiniGame target not found
Native extension for WebGL target not found
Mono: successfully reloaded assembly
- Finished resetting the current domain, in  0.414 seconds
Domain Reload Profiling: 687ms
	BeginReloadAssembly (174ms)
		ExecutionOrderSort (0ms)
		DisableScriptedObjects (7ms)
		BackupInstance (0ms)
		ReleaseScriptingObjects (0ms)
		CreateAndSetChildDomain (27ms)
	RebuildCommonClasses (41ms)
	RebuildNativeTypeToScriptingClass (17ms)
	initialDomainReloadingComplete (22ms)
	LoadAllAssembliesAndSetupDomain (19ms)
		LoadAssemblies (112ms)
		RebuildTransferFunctionScriptingTraits (0ms)
		AnalyzeDomain (15ms)
			TypeCache.Refresh (10ms)
				TypeCache.ScanAssembly (3ms)
			ScanForSourceGeneratedMonoScriptInfo (2ms)
			ResolveRequiredComponents (3ms)
	FinalizeReload (415ms)
		ReleaseScriptCaches (0ms)
		RebuildScriptCaches (0ms)
		SetupLoadedEditorAssemblies (257ms)
			LogAssemblyErrors (0ms)
			InitializePlatformSupportModulesInManaged (8ms)
			SetLoadedEditorAssemblies (8ms)
			RefreshPlugins (0ms)
			BeforeProcessingInitializeOnLoad (42ms)
			ProcessInitializeOnLoadAttributes (180ms)
			ProcessInitializeOnLoadMethodAttributes (15ms)
			AfterProcessingInitializeOnLoad (4ms)
			EditorAssembliesLoaded (0ms)
		ExecutionOrderSort2 (0ms)
		AwakeInstancesAfterBackupRestoration (18ms)
Refreshing native plugins compatible for Editor in 0.00 ms, found 0 plugins.
Preloading 0 native plugins for Editor in 0.00 ms.
Unloading 255 Unused Serialized files (Serialized files now loaded: 0)
Unloading 3 unused Assets / (49.0 KB). Loaded Objects now: 754.
Memory consumption went from 58.3 MB to 58.2 MB.
Total: 2.789500 ms (FindLiveObjects: 0.144100 ms CreateObjectMapping: 0.036000 ms MarkObjects: 2.529000 ms  DeleteObjects: 0.078900 ms)

AssetImportParameters requested are different than current active one (requested -> active):
  custom:video-encoder-webm-vp8: eb34c28f22e8b96e1ab97ce403110664 -> 
  custom:video-decoder-webm-vp8: 9c59270c3fd7afecdb556c50c9e8de78 -> 
  custom:audio-decoder-ogg-vorbis: bf7c407c2cedff20999df2af8eb42d56 -> 
  custom:video-decoder-ogg-theora: a1e56fd34408186e4bbccfd4996cb3dc -> 
  custom:audio-encoder-webm-vorbis: bf7c407c2cedff20999df2af8eb42d56 -> 
  custom:container-demuxer-webm: 4f35f7cbe854078d1ac9338744f61a02 -> 
  custom:SearchIndexIgnoredProperties: e643bd26f0fe6173181afceb89e7c659 -> 
  custom:container-muxer-webm: aa71ff27fc2769a1b78a27578f13a17b -> 
  custom:container-demuxer-ogg: 62fdf1f143b41e24485cea50d1cbac27 -> 
  custom:AudioImporter_EditorPlatform: d09bf68614088b80899f8185d706f6e7 -> 
  custom:CustomObjectIndexerAttribute: 299a746012abc5adb0180d4ccda8d3ad -> 
  custom:framework-win-MediaFoundation: 216162199b28c13a410421893ffa2e32 -> 
========================================================================
Received Import Request.
  Time since last request: 30634.181925 seconds.
  path: Assets/Game/Characters/Hero/sword_man.prefab
  artifactKey: Guid(6877fb649746c674d8fbbcf60d41892b) Importer(PreviewImporter)
Start importing Assets/Game/Characters/Hero/sword_man.prefab using Guid(6877fb649746c674d8fbbcf60d41892b) Importer(PreviewImporter) Launched and connected shader compiler TuanjieShaderCompiler.exe after 0.10 seconds
 -> (artifact id: '42d9c4d274cdf41d25a18c98f92acf4b') in 0.290640 seconds
Number of asset objects unloaded after import = 49
========================================================================
Received Import Request.
  Time since last request: 16.313246 seconds.
  path: Assets/Game/Prefabs/Boss.prefab
  artifactKey: Guid(8bdd08326d1960a4d9cd34de42740a81) Importer(PreviewImporter)
Start importing Assets/Game/Prefabs/Boss.prefab using Guid(8bdd08326d1960a4d9cd34de42740a81) Importer(PreviewImporter)  -> (artifact id: '6fb5c64ff9400c772306045ee1318533') in 0.010369 seconds
Number of asset objects unloaded after import = 53
========================================================================
Received Import Request.
  Time since last request: 0.000024 seconds.
  path: Assets/Game/Prefabs/Hero.prefab
  artifactKey: Guid(29b05d26052b9034eb2f32e57fdbeb8f) Importer(PreviewImporter)
Start importing Assets/Game/Prefabs/Hero.prefab using Guid(29b05d26052b9034eb2f32e57fdbeb8f) Importer(PreviewImporter)  -> (artifact id: '7494f9a65459ce0384d214def101d181') in 0.026179 seconds
Number of asset objects unloaded after import = 126
========================================================================
Received Import Request.
  Time since last request: 0.000018 seconds.
  path: Assets/Game/Prefabs/Monster.prefab
  artifactKey: Guid(8a4080b9ac8c626498f42e8cd5635261) Importer(PreviewImporter)
Start importing Assets/Game/Prefabs/Monster.prefab using Guid(8a4080b9ac8c626498f42e8cd5635261) Importer(PreviewImporter)  -> (artifact id: '9d025f09dcdbcabfccb575fa564216c0') in 0.002590 seconds
Number of asset objects unloaded after import = 46
========================================================================
Received Import Request.
  Time since last request: 0.000014 seconds.
  path: Assets/Game/Prefabs/Summon.prefab
  artifactKey: Guid(543d14faeab7d0247b575e961269c12a) Importer(PreviewImporter)
Start importing Assets/Game/Prefabs/Summon.prefab using Guid(543d14faeab7d0247b575e961269c12a) Importer(PreviewImporter)  -> (artifact id: 'a589f5b5b8bf9cacecfcfbab49c8887c') in 0.002438 seconds
Number of asset objects unloaded after import = 17
========================================================================
Received Import Request.
  Time since last request: 1.735021 seconds.
  path: Assets/Game/Scenes/MainMenu.unity
  artifactKey: Guid(6b0b621664b226c42b5b8782337ac8d0) Importer(PreviewImporter)
Start importing Assets/Game/Scenes/MainMenu.unity using Guid(6b0b621664b226c42b5b8782337ac8d0) Importer(PreviewImporter)  -> (artifact id: '459432aa220167e070403112810888af') in 0.000386 seconds
Number of asset objects unloaded after import = 0
========================================================================
Received Prepare
Caller must complete domain reload
Begin MonoManager ReloadAssembly
- Loaded All Assemblies, in  0.240 seconds
Native extension for WindowsStandalone target not found
Native extension for WeixinMiniGame target not found
Native extension for WebGL target not found
Mono: successfully reloaded assembly
- Finished resetting the current domain, in  0.362 seconds
Domain Reload Profiling: 602ms
	BeginReloadAssembly (148ms)
		ExecutionOrderSort (0ms)
		DisableScriptedObjects (8ms)
		BackupInstance (0ms)
		ReleaseScriptingObjects (0ms)
		CreateAndSetChildDomain (20ms)
	RebuildCommonClasses (38ms)
	RebuildNativeTypeToScriptingClass (22ms)
	initialDomainReloadingComplete (21ms)
	LoadAllAssembliesAndSetupDomain (10ms)
		LoadAssemblies (101ms)
		RebuildTransferFunctionScriptingTraits (0ms)
		AnalyzeDomain (7ms)
			TypeCache.Refresh (3ms)
				TypeCache.ScanAssembly (0ms)
			ScanForSourceGeneratedMonoScriptInfo (0ms)
			ResolveRequiredComponents (3ms)
	FinalizeReload (363ms)
		ReleaseScriptCaches (0ms)
		RebuildScriptCaches (0ms)
		SetupLoadedEditorAssemblies (225ms)
			LogAssemblyErrors (0ms)
			InitializePlatformSupportModulesInManaged (7ms)
			SetLoadedEditorAssemblies (6ms)
			RefreshPlugins (0ms)
			BeforeProcessingInitializeOnLoad (37ms)
			ProcessInitializeOnLoadAttributes (161ms)
			ProcessInitializeOnLoadMethodAttributes (11ms)
			AfterProcessingInitializeOnLoad (3ms)
			EditorAssembliesLoaded (0ms)
		ExecutionOrderSort2 (0ms)
		AwakeInstancesAfterBackupRestoration (13ms)
Refreshing native plugins compatible for Editor in 0.00 ms, found 0 plugins.
Preloading 0 native plugins for Editor in 0.00 ms.
Unloading 249 Unused Serialized files (Serialized files now loaded: 0)
Unloading 1 unused Assets / (22.8 KB). Loaded Objects now: 766.
Memory consumption went from 62.0 MB to 61.9 MB.
Total: 1.991100 ms (FindLiveObjects: 0.067100 ms CreateObjectMapping: 0.012700 ms MarkObjects: 1.893900 ms  DeleteObjects: 0.016600 ms)

AssetImportParameters requested are different than current active one (requested -> active):
  custom:video-encoder-webm-vp8: eb34c28f22e8b96e1ab97ce403110664 -> 
  custom:video-decoder-webm-vp8: 9c59270c3fd7afecdb556c50c9e8de78 -> 
  custom:audio-decoder-ogg-vorbis: bf7c407c2cedff20999df2af8eb42d56 -> 
  custom:video-decoder-ogg-theora: a1e56fd34408186e4bbccfd4996cb3dc -> 
  custom:audio-encoder-webm-vorbis: bf7c407c2cedff20999df2af8eb42d56 -> 
  custom:container-demuxer-webm: 4f35f7cbe854078d1ac9338744f61a02 -> 
  custom:SearchIndexIgnoredProperties: e643bd26f0fe6173181afceb89e7c659 -> 
  custom:container-muxer-webm: aa71ff27fc2769a1b78a27578f13a17b -> 
  custom:container-demuxer-ogg: 62fdf1f143b41e24485cea50d1cbac27 -> 
  custom:AudioImporter_EditorPlatform: d09bf68614088b80899f8185d706f6e7 -> 
  custom:CustomObjectIndexerAttribute: 299a746012abc5adb0180d4ccda8d3ad -> 
  custom:framework-win-MediaFoundation: 216162199b28c13a410421893ffa2e32 -> 
========================================================================
Received Prepare
Caller must complete domain reload
Begin MonoManager ReloadAssembly
- Loaded All Assemblies, in  0.232 seconds
Native extension for WindowsStandalone target not found
Native extension for WeixinMiniGame target not found
Native extension for WebGL target not found
Mono: successfully reloaded assembly
- Finished resetting the current domain, in  0.361 seconds
Domain Reload Profiling: 593ms
	BeginReloadAssembly (145ms)
		ExecutionOrderSort (0ms)
		DisableScriptedObjects (6ms)
		BackupInstance (0ms)
		ReleaseScriptingObjects (0ms)
		CreateAndSetChildDomain (17ms)
	RebuildCommonClasses (40ms)
	RebuildNativeTypeToScriptingClass (15ms)
	initialDomainReloadingComplete (21ms)
	LoadAllAssembliesAndSetupDomain (10ms)
		LoadAssemblies (102ms)
		RebuildTransferFunctionScriptingTraits (0ms)
		AnalyzeDomain (7ms)
			TypeCache.Refresh (3ms)
				TypeCache.ScanAssembly (0ms)
			ScanForSourceGeneratedMonoScriptInfo (0ms)
			ResolveRequiredComponents (3ms)
	FinalizeReload (362ms)
		ReleaseScriptCaches (0ms)
		RebuildScriptCaches (0ms)
		SetupLoadedEditorAssemblies (226ms)
			LogAssemblyErrors (0ms)
			InitializePlatformSupportModulesInManaged (8ms)
			SetLoadedEditorAssemblies (6ms)
			RefreshPlugins (0ms)
			BeforeProcessingInitializeOnLoad (37ms)
			ProcessInitializeOnLoadAttributes (161ms)
			ProcessInitializeOnLoadMethodAttributes (11ms)
			AfterProcessingInitializeOnLoad (3ms)
			EditorAssembliesLoaded (0ms)
		ExecutionOrderSort2 (0ms)
		AwakeInstancesAfterBackupRestoration (13ms)
Refreshing native plugins compatible for Editor in 0.00 ms, found 0 plugins.
Preloading 0 native plugins for Editor in 0.00 ms.
Unloading 250 Unused Serialized files (Serialized files now loaded: 0)
Unloading 1 unused Assets / (22.8 KB). Loaded Objects now: 766.
Memory consumption went from 62.2 MB to 62.1 MB.
Total: 2.868800 ms (FindLiveObjects: 0.059000 ms CreateObjectMapping: 0.014500 ms MarkObjects: 2.778000 ms  DeleteObjects: 0.016600 ms)

AssetImportParameters requested are different than current active one (requested -> active):
  custom:video-encoder-webm-vp8: eb34c28f22e8b96e1ab97ce403110664 -> 
  custom:video-decoder-webm-vp8: 9c59270c3fd7afecdb556c50c9e8de78 -> 
  custom:audio-decoder-ogg-vorbis: bf7c407c2cedff20999df2af8eb42d56 -> 
  custom:video-decoder-ogg-theora: a1e56fd34408186e4bbccfd4996cb3dc -> 
  custom:audio-encoder-webm-vorbis: bf7c407c2cedff20999df2af8eb42d56 -> 
  custom:container-demuxer-webm: 4f35f7cbe854078d1ac9338744f61a02 -> 
  custom:SearchIndexIgnoredProperties: e643bd26f0fe6173181afceb89e7c659 -> 
  custom:container-muxer-webm: aa71ff27fc2769a1b78a27578f13a17b -> 
  custom:container-demuxer-ogg: 62fdf1f143b41e24485cea50d1cbac27 -> 
  custom:AudioImporter_EditorPlatform: d09bf68614088b80899f8185d706f6e7 -> 
  custom:CustomObjectIndexerAttribute: 299a746012abc5adb0180d4ccda8d3ad -> 
  custom:framework-win-MediaFoundation: 216162199b28c13a410421893ffa2e32 -> 
========================================================================
Received Prepare
Caller must complete domain reload
Begin MonoManager ReloadAssembly
- Loaded All Assemblies, in  0.267 seconds
Native extension for WindowsStandalone target not found
Native extension for WeixinMiniGame target not found
Native extension for WebGL target not found
Mono: successfully reloaded assembly
- Finished resetting the current domain, in  0.373 seconds
Domain Reload Profiling: 640ms
	BeginReloadAssembly (177ms)
		ExecutionOrderSort (0ms)
		DisableScriptedObjects (6ms)
		BackupInstance (0ms)
		ReleaseScriptingObjects (0ms)
		CreateAndSetChildDomain (19ms)
	RebuildCommonClasses (39ms)
	RebuildNativeTypeToScriptingClass (15ms)
	initialDomainReloadingComplete (21ms)
	LoadAllAssembliesAndSetupDomain (14ms)
		LoadAssemblies (101ms)
		RebuildTransferFunctionScriptingTraits (0ms)
		AnalyzeDomain (10ms)
			TypeCache.Refresh (7ms)
				TypeCache.ScanAssembly (1ms)
			ScanForSourceGeneratedMonoScriptInfo (1ms)
			ResolveRequiredComponents (2ms)
	FinalizeReload (374ms)
		ReleaseScriptCaches (0ms)
		RebuildScriptCaches (0ms)
		SetupLoadedEditorAssemblies (230ms)
			LogAssemblyErrors (0ms)
			InitializePlatformSupportModulesInManaged (8ms)
			SetLoadedEditorAssemblies (6ms)
			RefreshPlugins (0ms)
			BeforeProcessingInitializeOnLoad (37ms)
			ProcessInitializeOnLoadAttributes (166ms)
			ProcessInitializeOnLoadMethodAttributes (11ms)
			AfterProcessingInitializeOnLoad (3ms)
			EditorAssembliesLoaded (0ms)
		ExecutionOrderSort2 (0ms)
		AwakeInstancesAfterBackupRestoration (14ms)
Refreshing native plugins compatible for Editor in 0.00 ms, found 0 plugins.
Preloading 0 native plugins for Editor in 0.00 ms.
Unloading 250 Unused Serialized files (Serialized files now loaded: 0)
Unloading 1 unused Assets / (22.8 KB). Loaded Objects now: 766.
Memory consumption went from 62.2 MB to 62.1 MB.
Total: 2.390900 ms (FindLiveObjects: 0.060400 ms CreateObjectMapping: 0.010800 ms MarkObjects: 2.298800 ms  DeleteObjects: 0.019900 ms)

AssetImportParameters requested are different than current active one (requested -> active):
  custom:video-encoder-webm-vp8: eb34c28f22e8b96e1ab97ce403110664 -> 
  custom:video-decoder-webm-vp8: 9c59270c3fd7afecdb556c50c9e8de78 -> 
  custom:audio-decoder-ogg-vorbis: bf7c407c2cedff20999df2af8eb42d56 -> 
  custom:video-decoder-ogg-theora: a1e56fd34408186e4bbccfd4996cb3dc -> 
  custom:audio-encoder-webm-vorbis: bf7c407c2cedff20999df2af8eb42d56 -> 
  custom:container-demuxer-webm: 4f35f7cbe854078d1ac9338744f61a02 -> 
  custom:SearchIndexIgnoredProperties: e643bd26f0fe6173181afceb89e7c659 -> 
  custom:container-muxer-webm: aa71ff27fc2769a1b78a27578f13a17b -> 
  custom:container-demuxer-ogg: 62fdf1f143b41e24485cea50d1cbac27 -> 
  custom:AudioImporter_EditorPlatform: d09bf68614088b80899f8185d706f6e7 -> 
  custom:CustomObjectIndexerAttribute: 299a746012abc5adb0180d4ccda8d3ad -> 
  custom:framework-win-MediaFoundation: 216162199b28c13a410421893ffa2e32 -> 
========================================================================
Received Prepare
Caller must complete domain reload
Begin MonoManager ReloadAssembly
- Loaded All Assemblies, in  0.237 seconds
Native extension for WindowsStandalone target not found
Native extension for WeixinMiniGame target not found
Native extension for WebGL target not found
Mono: successfully reloaded assembly
- Finished resetting the current domain, in  0.364 seconds
Domain Reload Profiling: 601ms
	BeginReloadAssembly (150ms)
		ExecutionOrderSort (0ms)
		DisableScriptedObjects (7ms)
		BackupInstance (0ms)
		ReleaseScriptingObjects (0ms)
		CreateAndSetChildDomain (22ms)
	RebuildCommonClasses (41ms)
	RebuildNativeTypeToScriptingClass (15ms)
	initialDomainReloadingComplete (21ms)
	LoadAllAssembliesAndSetupDomain (10ms)
		LoadAssemblies (101ms)
		RebuildTransferFunctionScriptingTraits (0ms)
		AnalyzeDomain (6ms)
			TypeCache.Refresh (3ms)
				TypeCache.ScanAssembly (0ms)
			ScanForSourceGeneratedMonoScriptInfo (0ms)
			ResolveRequiredComponents (3ms)
	FinalizeReload (364ms)
		ReleaseScriptCaches (0ms)
		RebuildScriptCaches (0ms)
		SetupLoadedEditorAssemblies (223ms)
			LogAssemblyErrors (0ms)
			InitializePlatformSupportModulesInManaged (8ms)
			SetLoadedEditorAssemblies (6ms)
			RefreshPlugins (0ms)
			BeforeProcessingInitializeOnLoad (36ms)
			ProcessInitializeOnLoadAttributes (160ms)
			ProcessInitializeOnLoadMethodAttributes (11ms)
			AfterProcessingInitializeOnLoad (3ms)
			EditorAssembliesLoaded (0ms)
		ExecutionOrderSort2 (0ms)
		AwakeInstancesAfterBackupRestoration (17ms)
Refreshing native plugins compatible for Editor in 0.00 ms, found 0 plugins.
Preloading 0 native plugins for Editor in 0.00 ms.
Unloading 250 Unused Serialized files (Serialized files now loaded: 0)
Unloading 1 unused Assets / (22.8 KB). Loaded Objects now: 766.
Memory consumption went from 62.2 MB to 62.1 MB.
Total: 2.075600 ms (FindLiveObjects: 0.052300 ms CreateObjectMapping: 0.010400 ms MarkObjects: 1.996600 ms  DeleteObjects: 0.015700 ms)

AssetImportParameters requested are different than current active one (requested -> active):
  custom:video-encoder-webm-vp8: eb34c28f22e8b96e1ab97ce403110664 -> 
  custom:video-decoder-webm-vp8: 9c59270c3fd7afecdb556c50c9e8de78 -> 
  custom:audio-decoder-ogg-vorbis: bf7c407c2cedff20999df2af8eb42d56 -> 
  custom:video-decoder-ogg-theora: a1e56fd34408186e4bbccfd4996cb3dc -> 
  custom:audio-encoder-webm-vorbis: bf7c407c2cedff20999df2af8eb42d56 -> 
  custom:container-demuxer-webm: 4f35f7cbe854078d1ac9338744f61a02 -> 
  custom:SearchIndexIgnoredProperties: e643bd26f0fe6173181afceb89e7c659 -> 
  custom:container-muxer-webm: aa71ff27fc2769a1b78a27578f13a17b -> 
  custom:container-demuxer-ogg: 62fdf1f143b41e24485cea50d1cbac27 -> 
  custom:AudioImporter_EditorPlatform: d09bf68614088b80899f8185d706f6e7 -> 
  custom:CustomObjectIndexerAttribute: 299a746012abc5adb0180d4ccda8d3ad -> 
  custom:framework-win-MediaFoundation: 216162199b28c13a410421893ffa2e32 -> 
========================================================================
Received Import Request.
  Time since last request: 72.108324 seconds.
  path: Assets/Game/Characters/Hero/Sprites/body.png
  artifactKey: Guid(681cdb2853ae7144c815013a86c8da7c) Importer(PreviewImporter)
Start importing Assets/Game/Characters/Hero/Sprites/body.png using Guid(681cdb2853ae7144c815013a86c8da7c) Importer(PreviewImporter)  -> (artifact id: '755bc0606676732117bfc27a1d2898ae') in 0.077341 seconds
Number of asset objects unloaded after import = 3
========================================================================
Received Import Request.
  Time since last request: 0.000016 seconds.
  path: Assets/Game/Characters/Hero/Sprites/Leg.png
  artifactKey: Guid(72186849934bfde4484d95f21e9e9145) Importer(PreviewImporter)
Start importing Assets/Game/Characters/Hero/Sprites/Leg.png using Guid(72186849934bfde4484d95f21e9e9145) Importer(PreviewImporter)  -> (artifact id: '6269182e2083b4b2e334556fea7c9f71') in 0.013006 seconds
Number of asset objects unloaded after import = 3
========================================================================
Received Import Request.
  Time since last request: 0.000074 seconds.
  path: Assets/Game/Characters/Hero/Sprites/Weapon-Sword.png
  artifactKey: Guid(066cc7941702be2409b4c86b8dac4ea9) Importer(PreviewImporter)
Start importing Assets/Game/Characters/Hero/Sprites/Weapon-Sword.png using Guid(066cc7941702be2409b4c86b8dac4ea9) Importer(PreviewImporter)  -> (artifact id: 'c9c4b6a53a17e00b4e64d6375d59c803') in 0.011173 seconds
Number of asset objects unloaded after import = 3
========================================================================
Received Import Request.
  Time since last request: 0.000019 seconds.
  path: Assets/Game/Characters/Hero/Sprites/Head.png
  artifactKey: Guid(d843bdc711e689e49b636a4b8a824c67) Importer(PreviewImporter)
Start importing Assets/Game/Characters/Hero/Sprites/Head.png using Guid(d843bdc711e689e49b636a4b8a824c67) Importer(PreviewImporter)  -> (artifact id: '8ff6ad8dafe5040184d2b16e1e31dabe') in 0.007066 seconds
Number of asset objects unloaded after import = 3
========================================================================
Received Import Request.
  Time since last request: 0.000059 seconds.
  path: Assets/Game/Characters/Hero/Sprites/Hat-Helmet.png
  artifactKey: Guid(8eb2ff5d15ad57044863329a435b3394) Importer(PreviewImporter)
Start importing Assets/Game/Characters/Hero/Sprites/Hat-Helmet.png using Guid(8eb2ff5d15ad57044863329a435b3394) Importer(PreviewImporter)  -> (artifact id: '6bc8def3272bba8b8a03901f87e39726') in 0.007106 seconds
Number of asset objects unloaded after import = 3
========================================================================
Received Import Request.
  Time since last request: 0.682260 seconds.
  path: Assets/Game/Characters/Hero/sword_man.prefab
  artifactKey: Guid(6877fb649746c674d8fbbcf60d41892b) Importer(PreviewImporter)
Start importing Assets/Game/Characters/Hero/sword_man.prefab using Guid(6877fb649746c674d8fbbcf60d41892b) Importer(PreviewImporter)  -> (artifact id: '1ce670c4eee75cd852cdeda1ab215ce4') in 0.037172 seconds
Number of asset objects unloaded after import = 49
========================================================================
Received Import Request.
  Time since last request: 194.207029 seconds.
  path: Assets/Game/Prefabs/Hero.prefab
  artifactKey: Guid(29b05d26052b9034eb2f32e57fdbeb8f) Importer(PreviewImporter)
Start importing Assets/Game/Prefabs/Hero.prefab using Guid(29b05d26052b9034eb2f32e57fdbeb8f) Importer(PreviewImporter)  -> (artifact id: '979389d96bb32401d4835656f994509c') in 0.027835 seconds
Number of asset objects unloaded after import = 126
========================================================================
Received Import Request.
  Time since last request: 3.854751 seconds.
  path: Assets/Game/Scenes/MainMenu.unity
  artifactKey: Guid(6b0b621664b226c42b5b8782337ac8d0) Importer(PreviewImporter)
Start importing Assets/Game/Scenes/MainMenu.unity using Guid(6b0b621664b226c42b5b8782337ac8d0) Importer(PreviewImporter)  -> (artifact id: 'a8ee79d10a73e25b0073c6971683837e') in 0.000492 seconds
Number of asset objects unloaded after import = 0
========================================================================
Received Prepare
Caller must complete domain reload
Begin MonoManager ReloadAssembly
- Loaded All Assemblies, in  0.225 seconds
Native extension for WindowsStandalone target not found
Native extension for WeixinMiniGame target not found
Native extension for WebGL target not found
Mono: successfully reloaded assembly
- Finished resetting the current domain, in  0.367 seconds
Domain Reload Profiling: 592ms
	BeginReloadAssembly (142ms)
		ExecutionOrderSort (0ms)
		DisableScriptedObjects (5ms)
		BackupInstance (0ms)
		ReleaseScriptingObjects (0ms)
		CreateAndSetChildDomain (20ms)
	RebuildCommonClasses (38ms)
	RebuildNativeTypeToScriptingClass (15ms)
	initialDomainReloadingComplete (20ms)
	LoadAllAssembliesAndSetupDomain (10ms)
		LoadAssemblies (97ms)
		RebuildTransferFunctionScriptingTraits (0ms)
		AnalyzeDomain (7ms)
			TypeCache.Refresh (3ms)
				TypeCache.ScanAssembly (0ms)
			ScanForSourceGeneratedMonoScriptInfo (0ms)
			ResolveRequiredComponents (3ms)
	FinalizeReload (368ms)
		ReleaseScriptCaches (0ms)
		RebuildScriptCaches (0ms)
		SetupLoadedEditorAssemblies (228ms)
			LogAssemblyErrors (0ms)
			InitializePlatformSupportModulesInManaged (8ms)
			SetLoadedEditorAssemblies (6ms)
			RefreshPlugins (0ms)
			BeforeProcessingInitializeOnLoad (38ms)
			ProcessInitializeOnLoadAttributes (161ms)
			ProcessInitializeOnLoadMethodAttributes (11ms)
			AfterProcessingInitializeOnLoad (3ms)
			EditorAssembliesLoaded (0ms)
		ExecutionOrderSort2 (0ms)
		AwakeInstancesAfterBackupRestoration (14ms)
Refreshing native plugins compatible for Editor in 0.00 ms, found 0 plugins.
Preloading 0 native plugins for Editor in 0.00 ms.
Unloading 249 Unused Serialized files (Serialized files now loaded: 0)
Unloading 1 unused Assets / (22.8 KB). Loaded Objects now: 779.
Memory consumption went from 62.0 MB to 62.0 MB.
Total: 2.675300 ms (FindLiveObjects: 0.062000 ms CreateObjectMapping: 0.012300 ms MarkObjects: 2.559200 ms  DeleteObjects: 0.040600 ms)

AssetImportParameters requested are different than current active one (requested -> active):
  custom:video-encoder-webm-vp8: eb34c28f22e8b96e1ab97ce403110664 -> 
  custom:video-decoder-webm-vp8: 9c59270c3fd7afecdb556c50c9e8de78 -> 
  custom:audio-decoder-ogg-vorbis: bf7c407c2cedff20999df2af8eb42d56 -> 
  custom:video-decoder-ogg-theora: a1e56fd34408186e4bbccfd4996cb3dc -> 
  custom:audio-encoder-webm-vorbis: bf7c407c2cedff20999df2af8eb42d56 -> 
  custom:container-demuxer-webm: 4f35f7cbe854078d1ac9338744f61a02 -> 
  custom:SearchIndexIgnoredProperties: e643bd26f0fe6173181afceb89e7c659 -> 
  custom:container-muxer-webm: aa71ff27fc2769a1b78a27578f13a17b -> 
  custom:container-demuxer-ogg: 62fdf1f143b41e24485cea50d1cbac27 -> 
  custom:AudioImporter_EditorPlatform: d09bf68614088b80899f8185d706f6e7 -> 
  custom:CustomObjectIndexerAttribute: 299a746012abc5adb0180d4ccda8d3ad -> 
  custom:framework-win-MediaFoundation: 216162199b28c13a410421893ffa2e32 -> 
========================================================================
Received Import Request.
  Time since last request: 58.586943 seconds.
  path: Assets/Game/Prefabs/Hero.prefab
  artifactKey: Guid(29b05d26052b9034eb2f32e57fdbeb8f) Importer(PreviewImporter)
Start importing Assets/Game/Prefabs/Hero.prefab using Guid(29b05d26052b9034eb2f32e57fdbeb8f) Importer(PreviewImporter)  -> (artifact id: '0d4b297f25fde1b14af65a8c0f5336cf') in 0.095486 seconds
Number of asset objects unloaded after import = 126
========================================================================
Received Import Request.
  Time since last request: 11.923444 seconds.
  path: Assets/Game/Prefabs/Hero.prefab
  artifactKey: Guid(29b05d26052b9034eb2f32e57fdbeb8f) Importer(PreviewImporter)
Start importing Assets/Game/Prefabs/Hero.prefab using Guid(29b05d26052b9034eb2f32e57fdbeb8f) Importer(PreviewImporter)  -> (artifact id: '23542812f883fc207c4199493747e377') in 0.020181 seconds
Number of asset objects unloaded after import = 126
========================================================================
Received Import Request.
  Time since last request: 8.533962 seconds.
  path: Assets/Game/Prefabs/Hero.prefab
  artifactKey: Guid(29b05d26052b9034eb2f32e57fdbeb8f) Importer(PreviewImporter)
Start importing Assets/Game/Prefabs/Hero.prefab using Guid(29b05d26052b9034eb2f32e57fdbeb8f) Importer(PreviewImporter)  -> (artifact id: 'bd49188e9b3b28524d6e978b0810c556') in 0.015724 seconds
Number of asset objects unloaded after import = 126
========================================================================
Received Import Request.
  Time since last request: 5.023161 seconds.
  path: Assets/Game/Prefabs/Hero.prefab
  artifactKey: Guid(29b05d26052b9034eb2f32e57fdbeb8f) Importer(PreviewImporter)
Start importing Assets/Game/Prefabs/Hero.prefab using Guid(29b05d26052b9034eb2f32e57fdbeb8f) Importer(PreviewImporter)  -> (artifact id: 'bc46b43f9df6ea381ecc90173ac6f703') in 0.017378 seconds
Number of asset objects unloaded after import = 126
========================================================================
Received Import Request.
  Time since last request: 3.210749 seconds.
  path: Assets/Game/Prefabs/Hero.prefab
  artifactKey: Guid(29b05d26052b9034eb2f32e57fdbeb8f) Importer(PreviewImporter)
Start importing Assets/Game/Prefabs/Hero.prefab using Guid(29b05d26052b9034eb2f32e57fdbeb8f) Importer(PreviewImporter)  -> (artifact id: 'cce6bc824c157a0be1ae82656a600204') in 0.019060 seconds
Number of asset objects unloaded after import = 126
========================================================================
Received Import Request.
  Time since last request: 4.018481 seconds.
  path: Assets/Game/Prefabs/Hero.prefab
  artifactKey: Guid(29b05d26052b9034eb2f32e57fdbeb8f) Importer(PreviewImporter)
Start importing Assets/Game/Prefabs/Hero.prefab using Guid(29b05d26052b9034eb2f32e57fdbeb8f) Importer(PreviewImporter)  -> (artifact id: 'e9d058eb7edbd379a0e37d33a3debd2b') in 0.018898 seconds
Number of asset objects unloaded after import = 126
========================================================================
Received Prepare
Caller must complete domain reload
Begin MonoManager ReloadAssembly
- Loaded All Assemblies, in  0.227 seconds
Native extension for WindowsStandalone target not found
Native extension for WeixinMiniGame target not found
Native extension for WebGL target not found
Mono: successfully reloaded assembly
- Finished resetting the current domain, in  0.364 seconds
Domain Reload Profiling: 591ms
	BeginReloadAssembly (142ms)
		ExecutionOrderSort (0ms)
		DisableScriptedObjects (5ms)
		BackupInstance (0ms)
		ReleaseScriptingObjects (0ms)
		CreateAndSetChildDomain (19ms)
	RebuildCommonClasses (38ms)
	RebuildNativeTypeToScriptingClass (16ms)
	initialDomainReloadingComplete (21ms)
	LoadAllAssembliesAndSetupDomain (10ms)
		LoadAssemblies (97ms)
		RebuildTransferFunctionScriptingTraits (0ms)
		AnalyzeDomain (6ms)
			TypeCache.Refresh (3ms)
				TypeCache.ScanAssembly (0ms)
			ScanForSourceGeneratedMonoScriptInfo (0ms)
			ResolveRequiredComponents (3ms)
	FinalizeReload (364ms)
		ReleaseScriptCaches (0ms)
		RebuildScriptCaches (0ms)
		SetupLoadedEditorAssemblies (228ms)
			LogAssemblyErrors (0ms)
			InitializePlatformSupportModulesInManaged (8ms)
			SetLoadedEditorAssemblies (6ms)
			RefreshPlugins (0ms)
			BeforeProcessingInitializeOnLoad (36ms)
			ProcessInitializeOnLoadAttributes (163ms)
			ProcessInitializeOnLoadMethodAttributes (10ms)
			AfterProcessingInitializeOnLoad (4ms)
			EditorAssembliesLoaded (0ms)
		ExecutionOrderSort2 (0ms)
		AwakeInstancesAfterBackupRestoration (15ms)
Refreshing native plugins compatible for Editor in 0.00 ms, found 0 plugins.
Preloading 0 native plugins for Editor in 0.00 ms.
Unloading 249 Unused Serialized files (Serialized files now loaded: 0)
Unloading 1 unused Assets / (22.8 KB). Loaded Objects now: 779.
Memory consumption went from 62.0 MB to 62.0 MB.
Total: 2.769000 ms (FindLiveObjects: 0.052600 ms CreateObjectMapping: 0.010200 ms MarkObjects: 2.686900 ms  DeleteObjects: 0.018300 ms)

AssetImportParameters requested are different than current active one (requested -> active):
  custom:video-encoder-webm-vp8: eb34c28f22e8b96e1ab97ce403110664 -> 
  custom:video-decoder-webm-vp8: 9c59270c3fd7afecdb556c50c9e8de78 -> 
  custom:audio-decoder-ogg-vorbis: bf7c407c2cedff20999df2af8eb42d56 -> 
  custom:video-decoder-ogg-theora: a1e56fd34408186e4bbccfd4996cb3dc -> 
  custom:audio-encoder-webm-vorbis: bf7c407c2cedff20999df2af8eb42d56 -> 
  custom:container-demuxer-webm: 4f35f7cbe854078d1ac9338744f61a02 -> 
  custom:SearchIndexIgnoredProperties: e643bd26f0fe6173181afceb89e7c659 -> 
  custom:container-muxer-webm: aa71ff27fc2769a1b78a27578f13a17b -> 
  custom:container-demuxer-ogg: 62fdf1f143b41e24485cea50d1cbac27 -> 
  custom:AudioImporter_EditorPlatform: d09bf68614088b80899f8185d706f6e7 -> 
  custom:CustomObjectIndexerAttribute: 299a746012abc5adb0180d4ccda8d3ad -> 
  custom:framework-win-MediaFoundation: 216162199b28c13a410421893ffa2e32 -> 
========================================================================
Received Import Request.
  Time since last request: 84.022139 seconds.
  path: Assets/Game/Prefabs/Hero.prefab
  artifactKey: Guid(29b05d26052b9034eb2f32e57fdbeb8f) Importer(PreviewImporter)
Start importing Assets/Game/Prefabs/Hero.prefab using Guid(29b05d26052b9034eb2f32e57fdbeb8f) Importer(PreviewImporter)  -> (artifact id: '368022bf1e470da76d61d6ae13e86a63') in 0.092975 seconds
Number of asset objects unloaded after import = 126
========================================================================
Received Import Request.
  Time since last request: 5.483432 seconds.
  path: Assets/Game/Prefabs/Hero.prefab
  artifactKey: Guid(29b05d26052b9034eb2f32e57fdbeb8f) Importer(PreviewImporter)
Start importing Assets/Game/Prefabs/Hero.prefab using Guid(29b05d26052b9034eb2f32e57fdbeb8f) Importer(PreviewImporter)  -> (artifact id: '5a71885759aaea9584497b3c8350896f') in 0.017354 seconds
Number of asset objects unloaded after import = 128
========================================================================
Received Import Request.
  Time since last request: 8.049216 seconds.
  path: Assets/Game/Prefabs/Hero.prefab
  artifactKey: Guid(29b05d26052b9034eb2f32e57fdbeb8f) Importer(PreviewImporter)
Start importing Assets/Game/Prefabs/Hero.prefab using Guid(29b05d26052b9034eb2f32e57fdbeb8f) Importer(PreviewImporter)  -> (artifact id: '608fe7ca58258a0c93d4a37440ec1ccb') in 0.017708 seconds
Number of asset objects unloaded after import = 128
========================================================================
Received Import Request.
  Time since last request: 1.480220 seconds.
  path: Assets/Game/Prefabs/Hero.prefab
  artifactKey: Guid(29b05d26052b9034eb2f32e57fdbeb8f) Importer(PreviewImporter)
Start importing Assets/Game/Prefabs/Hero.prefab using Guid(29b05d26052b9034eb2f32e57fdbeb8f) Importer(PreviewImporter)  -> (artifact id: 'ef552b365fbfb74859bc37d1c5d9c9d3') in 0.017031 seconds
Number of asset objects unloaded after import = 128
========================================================================
Received Import Request.
  Time since last request: 1.279163 seconds.
  path: Assets/Game/Prefabs/Hero.prefab
  artifactKey: Guid(29b05d26052b9034eb2f32e57fdbeb8f) Importer(PreviewImporter)
Start importing Assets/Game/Prefabs/Hero.prefab using Guid(29b05d26052b9034eb2f32e57fdbeb8f) Importer(PreviewImporter)  -> (artifact id: '57afff8e7433cf05cea30fb338d38418') in 0.017554 seconds
Number of asset objects unloaded after import = 128
========================================================================
Received Import Request.
  Time since last request: 3.825700 seconds.
  path: Assets/Game/Prefabs/Hero.prefab
  artifactKey: Guid(29b05d26052b9034eb2f32e57fdbeb8f) Importer(PreviewImporter)
Start importing Assets/Game/Prefabs/Hero.prefab using Guid(29b05d26052b9034eb2f32e57fdbeb8f) Importer(PreviewImporter)  -> (artifact id: '5d3bebe04d8199256ca84d47dc576cd0') in 0.015678 seconds
Number of asset objects unloaded after import = 128
========================================================================
Received Prepare
Caller must complete domain reload
Begin MonoManager ReloadAssembly
- Loaded All Assemblies, in  0.226 seconds
Native extension for WindowsStandalone target not found
Native extension for WeixinMiniGame target not found
Native extension for WebGL target not found
Mono: successfully reloaded assembly
- Finished resetting the current domain, in  0.361 seconds
Domain Reload Profiling: 587ms
	BeginReloadAssembly (142ms)
		ExecutionOrderSort (0ms)
		DisableScriptedObjects (5ms)
		BackupInstance (0ms)
		ReleaseScriptingObjects (0ms)
		CreateAndSetChildDomain (19ms)
	RebuildCommonClasses (38ms)
	RebuildNativeTypeToScriptingClass (15ms)
	initialDomainReloadingComplete (20ms)
	LoadAllAssembliesAndSetupDomain (10ms)
		LoadAssemblies (98ms)
		RebuildTransferFunctionScriptingTraits (0ms)
		AnalyzeDomain (6ms)
			TypeCache.Refresh (3ms)
				TypeCache.ScanAssembly (0ms)
			ScanForSourceGeneratedMonoScriptInfo (0ms)
			ResolveRequiredComponents (3ms)
	FinalizeReload (362ms)
		ReleaseScriptCaches (0ms)
		RebuildScriptCaches (0ms)
		SetupLoadedEditorAssemblies (225ms)
			LogAssemblyErrors (0ms)
			InitializePlatformSupportModulesInManaged (8ms)
			SetLoadedEditorAssemblies (6ms)
			RefreshPlugins (0ms)
			BeforeProcessingInitializeOnLoad (37ms)
			ProcessInitializeOnLoadAttributes (161ms)
			ProcessInitializeOnLoadMethodAttributes (11ms)
			AfterProcessingInitializeOnLoad (4ms)
			EditorAssembliesLoaded (0ms)
		ExecutionOrderSort2 (0ms)
		AwakeInstancesAfterBackupRestoration (13ms)
Refreshing native plugins compatible for Editor in 0.00 ms, found 0 plugins.
Preloading 0 native plugins for Editor in 0.00 ms.
Unloading 249 Unused Serialized files (Serialized files now loaded: 0)
Unloading 1 unused Assets / (22.8 KB). Loaded Objects now: 779.
Memory consumption went from 62.0 MB to 62.0 MB.
Total: 2.094500 ms (FindLiveObjects: 0.056400 ms CreateObjectMapping: 0.010100 ms MarkObjects: 2.010000 ms  DeleteObjects: 0.017200 ms)

AssetImportParameters requested are different than current active one (requested -> active):
  custom:video-encoder-webm-vp8: eb34c28f22e8b96e1ab97ce403110664 -> 
  custom:video-decoder-webm-vp8: 9c59270c3fd7afecdb556c50c9e8de78 -> 
  custom:audio-decoder-ogg-vorbis: bf7c407c2cedff20999df2af8eb42d56 -> 
  custom:video-decoder-ogg-theora: a1e56fd34408186e4bbccfd4996cb3dc -> 
  custom:audio-encoder-webm-vorbis: bf7c407c2cedff20999df2af8eb42d56 -> 
  custom:container-demuxer-webm: 4f35f7cbe854078d1ac9338744f61a02 -> 
  custom:SearchIndexIgnoredProperties: e643bd26f0fe6173181afceb89e7c659 -> 
  custom:container-muxer-webm: aa71ff27fc2769a1b78a27578f13a17b -> 
  custom:container-demuxer-ogg: 62fdf1f143b41e24485cea50d1cbac27 -> 
  custom:AudioImporter_EditorPlatform: d09bf68614088b80899f8185d706f6e7 -> 
  custom:CustomObjectIndexerAttribute: 299a746012abc5adb0180d4ccda8d3ad -> 
  custom:framework-win-MediaFoundation: 216162199b28c13a410421893ffa2e32 -> 
========================================================================
Received Import Request.
  Time since last request: 28.035295 seconds.
  path: Assets/Game/Prefabs/Hero.prefab
  artifactKey: Guid(29b05d26052b9034eb2f32e57fdbeb8f) Importer(PreviewImporter)
Start importing Assets/Game/Prefabs/Hero.prefab using Guid(29b05d26052b9034eb2f32e57fdbeb8f) Importer(PreviewImporter)  -> (artifact id: '9939d40c76e3bf7ef162b78f41ea2787') in 0.094372 seconds
Number of asset objects unloaded after import = 126
========================================================================
Received Prepare
Caller must complete domain reload
Begin MonoManager ReloadAssembly
- Loaded All Assemblies, in  0.248 seconds
Native extension for WindowsStandalone target not found
Native extension for WeixinMiniGame target not found
Native extension for WebGL target not found
Mono: successfully reloaded assembly
- Finished resetting the current domain, in  0.375 seconds
Domain Reload Profiling: 624ms
	BeginReloadAssembly (159ms)
		ExecutionOrderSort (0ms)
		DisableScriptedObjects (6ms)
		BackupInstance (0ms)
		ReleaseScriptingObjects (0ms)
		CreateAndSetChildDomain (23ms)
	RebuildCommonClasses (40ms)
	RebuildNativeTypeToScriptingClass (15ms)
	initialDomainReloadingComplete (21ms)
	LoadAllAssembliesAndSetupDomain (13ms)
		LoadAssemblies (109ms)
		RebuildTransferFunctionScriptingTraits (0ms)
		AnalyzeDomain (10ms)
			TypeCache.Refresh (6ms)
				TypeCache.ScanAssembly (0ms)
			ScanForSourceGeneratedMonoScriptInfo (1ms)
			ResolveRequiredComponents (3ms)
	FinalizeReload (376ms)
		ReleaseScriptCaches (0ms)
		RebuildScriptCaches (0ms)
		SetupLoadedEditorAssemblies (233ms)
			LogAssemblyErrors (0ms)
			InitializePlatformSupportModulesInManaged (7ms)
			SetLoadedEditorAssemblies (8ms)
			RefreshPlugins (0ms)
			BeforeProcessingInitializeOnLoad (38ms)
			ProcessInitializeOnLoadAttributes (166ms)
			ProcessInitializeOnLoadMethodAttributes (11ms)
			AfterProcessingInitializeOnLoad (3ms)
			EditorAssembliesLoaded (0ms)
		ExecutionOrderSort2 (0ms)
		AwakeInstancesAfterBackupRestoration (14ms)
Refreshing native plugins compatible for Editor in 0.00 ms, found 0 plugins.
Preloading 0 native plugins for Editor in 0.00 ms.
Unloading 249 Unused Serialized files (Serialized files now loaded: 0)
Unloading 1 unused Assets / (22.8 KB). Loaded Objects now: 779.
Memory consumption went from 62.0 MB to 62.0 MB.
Total: 2.352400 ms (FindLiveObjects: 0.062500 ms CreateObjectMapping: 0.012800 ms MarkObjects: 2.254700 ms  DeleteObjects: 0.021300 ms)

AssetImportParameters requested are different than current active one (requested -> active):
  custom:video-encoder-webm-vp8: eb34c28f22e8b96e1ab97ce403110664 -> 
  custom:video-decoder-webm-vp8: 9c59270c3fd7afecdb556c50c9e8de78 -> 
  custom:audio-decoder-ogg-vorbis: bf7c407c2cedff20999df2af8eb42d56 -> 
  custom:video-decoder-ogg-theora: a1e56fd34408186e4bbccfd4996cb3dc -> 
  custom:audio-encoder-webm-vorbis: bf7c407c2cedff20999df2af8eb42d56 -> 
  custom:container-demuxer-webm: 4f35f7cbe854078d1ac9338744f61a02 -> 
  custom:SearchIndexIgnoredProperties: e643bd26f0fe6173181afceb89e7c659 -> 
  custom:container-muxer-webm: aa71ff27fc2769a1b78a27578f13a17b -> 
  custom:container-demuxer-ogg: 62fdf1f143b41e24485cea50d1cbac27 -> 
  custom:AudioImporter_EditorPlatform: d09bf68614088b80899f8185d706f6e7 -> 
  custom:CustomObjectIndexerAttribute: 299a746012abc5adb0180d4ccda8d3ad -> 
  custom:framework-win-MediaFoundation: 216162199b28c13a410421893ffa2e32 -> 
========================================================================
Received Import Request.
  Time since last request: 39.250623 seconds.
  path: Assets/Game/Prefabs/Hero.prefab
  artifactKey: Guid(29b05d26052b9034eb2f32e57fdbeb8f) Importer(PreviewImporter)
Start importing Assets/Game/Prefabs/Hero.prefab using Guid(29b05d26052b9034eb2f32e57fdbeb8f) Importer(PreviewImporter)  -> (artifact id: 'dd7039c264334dcce46d14a5c9ced927') in 0.095115 seconds
Number of asset objects unloaded after import = 126
========================================================================
Received Import Request.
  Time since last request: 62.510947 seconds.
  path: Assets/Game/Characters/Hero/Animations/sword_man.controller
  artifactKey: Guid(6bda1f5bf4224db44b12251ff5bfe8cb) Importer(PreviewImporter)
Start importing Assets/Game/Characters/Hero/Animations/sword_man.controller using Guid(6bda1f5bf4224db44b12251ff5bfe8cb) Importer(PreviewImporter)  -> (artifact id: '9c555cb925ff1530c7f44d4ecebe01cb') in 0.004348 seconds
Number of asset objects unloaded after import = 14
========================================================================
Received Import Request.
  Time since last request: 7.155871 seconds.
  path: Assets/Game/Characters/Hero/Animations/Run.anim
  artifactKey: Guid(c7adfee818a90a94db0774a14d14fc06) Importer(PreviewImporter)
Start importing Assets/Game/Characters/Hero/Animations/Run.anim using Guid(c7adfee818a90a94db0774a14d14fc06) Importer(PreviewImporter)  -> (artifact id: 'ff7c17c157d81f587818bc65e6e646c2') in 0.001447 seconds
Number of asset objects unloaded after import = 1
========================================================================
Received Prepare
Caller must complete domain reload
Begin MonoManager ReloadAssembly
- Loaded All Assemblies, in  0.241 seconds
Native extension for WindowsStandalone target not found
Native extension for WeixinMiniGame target not found
Native extension for WebGL target not found
Mono: successfully reloaded assembly
- Finished resetting the current domain, in  0.371 seconds
Domain Reload Profiling: 612ms
	BeginReloadAssembly (155ms)
		ExecutionOrderSort (0ms)
		DisableScriptedObjects (6ms)
		BackupInstance (0ms)
		ReleaseScriptingObjects (0ms)
		CreateAndSetChildDomain (20ms)
	RebuildCommonClasses (38ms)
	RebuildNativeTypeToScriptingClass (15ms)
	initialDomainReloadingComplete (21ms)
	LoadAllAssembliesAndSetupDomain (11ms)
		LoadAssemblies (100ms)
		RebuildTransferFunctionScriptingTraits (0ms)
		AnalyzeDomain (8ms)
			TypeCache.Refresh (4ms)
				TypeCache.ScanAssembly (0ms)
			ScanForSourceGeneratedMonoScriptInfo (0ms)
			ResolveRequiredComponents (3ms)
	FinalizeReload (372ms)
		ReleaseScriptCaches (0ms)
		RebuildScriptCaches (0ms)
		SetupLoadedEditorAssemblies (224ms)
			LogAssemblyErrors (0ms)
			InitializePlatformSupportModulesInManaged (7ms)
			SetLoadedEditorAssemblies (6ms)
			RefreshPlugins (0ms)
			BeforeProcessingInitializeOnLoad (37ms)
			ProcessInitializeOnLoadAttributes (160ms)
			ProcessInitializeOnLoadMethodAttributes (11ms)
			AfterProcessingInitializeOnLoad (3ms)
			EditorAssembliesLoaded (0ms)
		ExecutionOrderSort2 (0ms)
		AwakeInstancesAfterBackupRestoration (15ms)
Refreshing native plugins compatible for Editor in 0.00 ms, found 0 plugins.
Preloading 0 native plugins for Editor in 0.00 ms.
Unloading 249 Unused Serialized files (Serialized files now loaded: 0)
Unloading 1 unused Assets / (22.8 KB). Loaded Objects now: 779.
Memory consumption went from 62.0 MB to 62.0 MB.
Total: 2.027000 ms (FindLiveObjects: 0.054000 ms CreateObjectMapping: 0.011200 ms MarkObjects: 1.946300 ms  DeleteObjects: 0.014400 ms)

AssetImportParameters requested are different than current active one (requested -> active):
  custom:video-encoder-webm-vp8: eb34c28f22e8b96e1ab97ce403110664 -> 
  custom:video-decoder-webm-vp8: 9c59270c3fd7afecdb556c50c9e8de78 -> 
  custom:audio-decoder-ogg-vorbis: bf7c407c2cedff20999df2af8eb42d56 -> 
  custom:video-decoder-ogg-theora: a1e56fd34408186e4bbccfd4996cb3dc -> 
  custom:audio-encoder-webm-vorbis: bf7c407c2cedff20999df2af8eb42d56 -> 
  custom:container-demuxer-webm: 4f35f7cbe854078d1ac9338744f61a02 -> 
  custom:SearchIndexIgnoredProperties: e643bd26f0fe6173181afceb89e7c659 -> 
  custom:container-muxer-webm: aa71ff27fc2769a1b78a27578f13a17b -> 
  custom:container-demuxer-ogg: 62fdf1f143b41e24485cea50d1cbac27 -> 
  custom:AudioImporter_EditorPlatform: d09bf68614088b80899f8185d706f6e7 -> 
  custom:CustomObjectIndexerAttribute: 299a746012abc5adb0180d4ccda8d3ad -> 
  custom:framework-win-MediaFoundation: 216162199b28c13a410421893ffa2e32 -> 
========================================================================
Received Import Request.
  Time since last request: 46.222581 seconds.
  path: Assets/Game/Scenes/MainMenu.unity
  artifactKey: Guid(6b0b621664b226c42b5b8782337ac8d0) Importer(PreviewImporter)
Start importing Assets/Game/Scenes/MainMenu.unity using Guid(6b0b621664b226c42b5b8782337ac8d0) Importer(PreviewImporter)  -> (artifact id: 'b9ee2b5ce38ccc698989eccf412b621f') in 0.001465 seconds
Number of asset objects unloaded after import = 0
========================================================================
Received Prepare
Caller must complete domain reload
Begin MonoManager ReloadAssembly
- Loaded All Assemblies, in  0.230 seconds
Native extension for WindowsStandalone target not found
Native extension for WeixinMiniGame target not found
Native extension for WebGL target not found
Mono: successfully reloaded assembly
- Finished resetting the current domain, in  0.371 seconds
Domain Reload Profiling: 600ms
	BeginReloadAssembly (143ms)
		ExecutionOrderSort (0ms)
		DisableScriptedObjects (6ms)
		BackupInstance (0ms)
		ReleaseScriptingObjects (0ms)
		CreateAndSetChildDomain (19ms)
	RebuildCommonClasses (41ms)
	RebuildNativeTypeToScriptingClass (15ms)
	initialDomainReloadingComplete (20ms)
	LoadAllAssembliesAndSetupDomain (10ms)
		LoadAssemblies (98ms)
		RebuildTransferFunctionScriptingTraits (0ms)
		AnalyzeDomain (7ms)
			TypeCache.Refresh (3ms)
				TypeCache.ScanAssembly (0ms)
			ScanForSourceGeneratedMonoScriptInfo (0ms)
			ResolveRequiredComponents (3ms)
	FinalizeReload (371ms)
		ReleaseScriptCaches (0ms)
		RebuildScriptCaches (0ms)
		SetupLoadedEditorAssemblies (229ms)
			LogAssemblyErrors (0ms)
			InitializePlatformSupportModulesInManaged (8ms)
			SetLoadedEditorAssemblies (6ms)
			RefreshPlugins (0ms)
			BeforeProcessingInitializeOnLoad (37ms)
			ProcessInitializeOnLoadAttributes (163ms)
			ProcessInitializeOnLoadMethodAttributes (12ms)
			AfterProcessingInitializeOnLoad (3ms)
			EditorAssembliesLoaded (0ms)
		ExecutionOrderSort2 (0ms)
		AwakeInstancesAfterBackupRestoration (16ms)
Refreshing native plugins compatible for Editor in 0.00 ms, found 0 plugins.
Preloading 0 native plugins for Editor in 0.00 ms.
Unloading 249 Unused Serialized files (Serialized files now loaded: 0)
Unloading 1 unused Assets / (22.8 KB). Loaded Objects now: 779.
Memory consumption went from 62.0 MB to 62.0 MB.
Total: 2.262700 ms (FindLiveObjects: 0.061800 ms CreateObjectMapping: 0.012100 ms MarkObjects: 2.170300 ms  DeleteObjects: 0.017500 ms)

AssetImportParameters requested are different than current active one (requested -> active):
  custom:video-encoder-webm-vp8: eb34c28f22e8b96e1ab97ce403110664 -> 
  custom:video-decoder-webm-vp8: 9c59270c3fd7afecdb556c50c9e8de78 -> 
  custom:audio-decoder-ogg-vorbis: bf7c407c2cedff20999df2af8eb42d56 -> 
  custom:video-decoder-ogg-theora: a1e56fd34408186e4bbccfd4996cb3dc -> 
  custom:audio-encoder-webm-vorbis: bf7c407c2cedff20999df2af8eb42d56 -> 
  custom:container-demuxer-webm: 4f35f7cbe854078d1ac9338744f61a02 -> 
  custom:SearchIndexIgnoredProperties: e643bd26f0fe6173181afceb89e7c659 -> 
  custom:container-muxer-webm: aa71ff27fc2769a1b78a27578f13a17b -> 
  custom:container-demuxer-ogg: 62fdf1f143b41e24485cea50d1cbac27 -> 
  custom:AudioImporter_EditorPlatform: d09bf68614088b80899f8185d706f6e7 -> 
  custom:CustomObjectIndexerAttribute: 299a746012abc5adb0180d4ccda8d3ad -> 
  custom:framework-win-MediaFoundation: 216162199b28c13a410421893ffa2e32 -> 
========================================================================
Received Import Request.
  Time since last request: 14.611087 seconds.
  path: Assets/Game/Characters/Hero/Animations/sword_man.controller
  artifactKey: Guid(6bda1f5bf4224db44b12251ff5bfe8cb) Importer(PreviewImporter)
Start importing Assets/Game/Characters/Hero/Animations/sword_man.controller using Guid(6bda1f5bf4224db44b12251ff5bfe8cb) Importer(PreviewImporter)  -> (artifact id: 'e0467e70d9da21f20e900f7fb21c7e3b') in 0.014390 seconds
Number of asset objects unloaded after import = 14
========================================================================
Received Import Request.
  Time since last request: 18.344234 seconds.
  path: Assets/Game/Characters/Hero/sword_man.prefab
  artifactKey: Guid(6877fb649746c674d8fbbcf60d41892b) Importer(PreviewImporter)
Start importing Assets/Game/Characters/Hero/sword_man.prefab using Guid(6877fb649746c674d8fbbcf60d41892b) Importer(PreviewImporter)  -> (artifact id: '725a46b51fec7a736ab4f4c3693321ab') in 0.070741 seconds
Number of asset objects unloaded after import = 49
========================================================================
Received Import Request.
  Time since last request: 105.150757 seconds.
  path: Assets/Game/Characters/Hero/Sprites
  artifactKey: Guid(a716cb2517ea8fb47829b51e47cb64f3) Importer(PreviewImporter)
Start importing Assets/Game/Characters/Hero/Sprites using Guid(a716cb2517ea8fb47829b51e47cb64f3) Importer(PreviewImporter)  -> (artifact id: 'eecda976f5b4cd308d69d1f265846cb6') in 0.000542 seconds
Number of asset objects unloaded after import = 0
========================================================================
Received Import Request.
  Time since last request: 5.470004 seconds.
  path: Assets/Game/Characters/Boss/skull_warrior.psb
  artifactKey: Guid(276f78d621b5dd54f8725aeaec115e86) Importer(PreviewImporter)
Start importing Assets/Game/Characters/Boss/skull_warrior.psb using Guid(276f78d621b5dd54f8725aeaec115e86) Importer(PreviewImporter)  -> (artifact id: 'addee5001f60362dabbb6dd78e828421') in 0.000823 seconds
Number of asset objects unloaded after import = 1
========================================================================
Received Import Request.
  Time since last request: 37.226470 seconds.
  path: Assets/Game/Characters/Boss/sword_man.prefab
  artifactKey: Guid(2466408d100ec754a8f02ca13f6cd51a) Importer(PreviewImporter)
Start importing Assets/Game/Characters/Boss/sword_man.prefab using Guid(2466408d100ec754a8f02ca13f6cd51a) Importer(PreviewImporter)  -> (artifact id: 'ae67d1c45160a5ab91e867049a310c30') in 0.015308 seconds
Number of asset objects unloaded after import = 49
========================================================================
Received Import Request.
  Time since last request: 12.063089 seconds.
  path: Assets/Game/Characters/Boss/skull_warrior.prefab
  artifactKey: Guid(2466408d100ec754a8f02ca13f6cd51a) Importer(PreviewImporter)
Start importing Assets/Game/Characters/Boss/skull_warrior.prefab using Guid(2466408d100ec754a8f02ca13f6cd51a) Importer(PreviewImporter)  -> (artifact id: '17f7eccc9b95b03ef48b2765f32086b4') in 0.011439 seconds
Number of asset objects unloaded after import = 49
========================================================================
Received Import Request.
  Time since last request: 6.219278 seconds.
  path: Assets/Game/Prefabs/Boss.prefab
  artifactKey: Guid(8bdd08326d1960a4d9cd34de42740a81) Importer(PreviewImporter)
Start importing Assets/Game/Prefabs/Boss.prefab using Guid(8bdd08326d1960a4d9cd34de42740a81) Importer(PreviewImporter)  -> (artifact id: 'bd45c3a64f7103557d27736dde628bd1') in 0.009768 seconds
Number of asset objects unloaded after import = 32
========================================================================
Received Import Request.
  Time since last request: 0.000015 seconds.
  path: Assets/Game/Prefabs/Hero.prefab
  artifactKey: Guid(29b05d26052b9034eb2f32e57fdbeb8f) Importer(PreviewImporter)
Start importing Assets/Game/Prefabs/Hero.prefab using Guid(29b05d26052b9034eb2f32e57fdbeb8f) Importer(PreviewImporter)  -> (artifact id: '8f3d395ea98fe508355465087e624a0d') in 0.018653 seconds
Number of asset objects unloaded after import = 126
========================================================================
Received Import Request.
  Time since last request: 44.173914 seconds.
  path: Assets/Game/Characters/Boss/Sprites/body.png
  artifactKey: Guid(74315d08fb3b76842998b3c8ab16e084) Importer(PreviewImporter)
Start importing Assets/Game/Characters/Boss/Sprites/body.png using Guid(74315d08fb3b76842998b3c8ab16e084) Importer(PreviewImporter)  -> (artifact id: 'f8279d32d891ef50a14c3ae0fe39afaa') in 0.028873 seconds
Number of asset objects unloaded after import = 3
========================================================================
Received Import Request.
  Time since last request: 0.000057 seconds.
  path: Assets/Game/Characters/Boss/Sprites/Hat-Helmet.png
  artifactKey: Guid(ea6022c965bee954fa650d082e4f2b0b) Importer(PreviewImporter)
Start importing Assets/Game/Characters/Boss/Sprites/Hat-Helmet.png using Guid(ea6022c965bee954fa650d082e4f2b0b) Importer(PreviewImporter)  -> (artifact id: '043b9b9a20147d0ece4df050b6cbe8f3') in 0.006736 seconds
Number of asset objects unloaded after import = 3
========================================================================
Received Import Request.
  Time since last request: 0.000069 seconds.
  path: Assets/Game/Characters/Boss/Sprites/Weapon-Sword.png
  artifactKey: Guid(550f9a9d9b4764a41961a120332a3abc) Importer(PreviewImporter)
Start importing Assets/Game/Characters/Boss/Sprites/Weapon-Sword.png using Guid(550f9a9d9b4764a41961a120332a3abc) Importer(PreviewImporter)  -> (artifact id: '22c2b35519c9840ff766082f889a019c') in 0.006375 seconds
Number of asset objects unloaded after import = 3
========================================================================
Received Import Request.
  Time since last request: 0.000079 seconds.
  path: Assets/Game/Characters/Boss/Sprites/Leg.png
  artifactKey: Guid(ccd297cefc4c5c140b59b5676208b563) Importer(PreviewImporter)
Start importing Assets/Game/Characters/Boss/Sprites/Leg.png using Guid(ccd297cefc4c5c140b59b5676208b563) Importer(PreviewImporter)  -> (artifact id: '5d99dff92769b6ce38ffde012a6c29fb') in 0.007054 seconds
Number of asset objects unloaded after import = 3
========================================================================
Received Import Request.
  Time since last request: 0.000055 seconds.
  path: Assets/Game/Characters/Boss/Sprites/Head.png
  artifactKey: Guid(579d8732ba1a3a542b7b5cfd6f4d249d) Importer(PreviewImporter)
Start importing Assets/Game/Characters/Boss/Sprites/Head.png using Guid(579d8732ba1a3a542b7b5cfd6f4d249d) Importer(PreviewImporter)  -> (artifact id: '7ab8acad0ec8a3d0122ec3506edffb81') in 0.007813 seconds
Number of asset objects unloaded after import = 3
========================================================================
Received Import Request.
  Time since last request: 81.970896 seconds.
  path: Assets/Game/Prefabs/Boss.prefab
  artifactKey: Guid(8bdd08326d1960a4d9cd34de42740a81) Importer(PreviewImporter)
Start importing Assets/Game/Prefabs/Boss.prefab using Guid(8bdd08326d1960a4d9cd34de42740a81) Importer(PreviewImporter)  -> (artifact id: 'b0d3f699898a86df873b308ca615f098') in 0.009682 seconds
Number of asset objects unloaded after import = 46
========================================================================
Received Import Request.
  Time since last request: 48.774911 seconds.
  path: Assets/Game/Prefabs/Boss.prefab
  artifactKey: Guid(8bdd08326d1960a4d9cd34de42740a81) Importer(PreviewImporter)
Start importing Assets/Game/Prefabs/Boss.prefab using Guid(8bdd08326d1960a4d9cd34de42740a81) Importer(PreviewImporter)  -> (artifact id: '7f010dda7426e86be794186040cdad31') in 0.016880 seconds
Number of asset objects unloaded after import = 104
========================================================================
Received Import Request.
  Time since last request: 13.338833 seconds.
  path: Assets/Game/Characters/Boss/sword_man.prefab
  artifactKey: Guid(273f13136d9fd314fbf02020b1161b6b) Importer(PreviewImporter)
Start importing Assets/Game/Characters/Boss/sword_man.prefab using Guid(273f13136d9fd314fbf02020b1161b6b) Importer(PreviewImporter)  -> (artifact id: '1bc79216d68c78a5b02a442e2235b36e') in 0.013270 seconds
Number of asset objects unloaded after import = 49
========================================================================
Received Import Request.
  Time since last request: 12.014144 seconds.
  path: Assets/Game/Characters/Boss/skull_warrior.prefab
  artifactKey: Guid(273f13136d9fd314fbf02020b1161b6b) Importer(PreviewImporter)
Start importing Assets/Game/Characters/Boss/skull_warrior.prefab using Guid(273f13136d9fd314fbf02020b1161b6b) Importer(PreviewImporter)  -> (artifact id: '4541df6a61c7134e20a658204a71d8d5') in 0.013794 seconds
Number of asset objects unloaded after import = 49
========================================================================
Received Import Request.
  Time since last request: 61.126350 seconds.
  path: Assets/Game/Characters/Monster
  artifactKey: Guid(76d986ce9daf2bc49a14e75587b26a2e) Importer(PreviewImporter)
Start importing Assets/Game/Characters/Monster using Guid(76d986ce9daf2bc49a14e75587b26a2e) Importer(PreviewImporter)  -> (artifact id: 'bb2cf9a685d9cb64b75234c1cab9c2d7') in 0.000691 seconds
Number of asset objects unloaded after import = 0
========================================================================
Received Import Request.
  Time since last request: 2.588209 seconds.
  path: Assets/Game/Characters/Monster/skull_warrior.prefab
  artifactKey: Guid(a4b26a21d32432c4cb94a7d7042af2ff) Importer(PreviewImporter)
Start importing Assets/Game/Characters/Monster/skull_warrior.prefab using Guid(a4b26a21d32432c4cb94a7d7042af2ff) Importer(PreviewImporter)  -> (artifact id: '604ce788a53a8b0e68439aba3c7c8ba2') in 0.014649 seconds
Number of asset objects unloaded after import = 49
========================================================================
Received Import Request.
  Time since last request: 3.842781 seconds.
  path: Assets/Game/Characters/Monster/goblin.psb
  artifactKey: Guid(e0655cd6e638fe84c912908856fa569a) Importer(PreviewImporter)
Start importing Assets/Game/Characters/Monster/goblin.psb using Guid(e0655cd6e638fe84c912908856fa569a) Importer(PreviewImporter)  -> (artifact id: '23b7040916575ecb722a4b8a23a5c856') in 0.000725 seconds
Number of asset objects unloaded after import = 1
========================================================================
Received Import Request.
  Time since last request: 6.175865 seconds.
  path: Assets/Game/Characters/Monster/goblin.prefab
  artifactKey: Guid(a4b26a21d32432c4cb94a7d7042af2ff) Importer(PreviewImporter)
Start importing Assets/Game/Characters/Monster/goblin.prefab using Guid(a4b26a21d32432c4cb94a7d7042af2ff) Importer(PreviewImporter)  -> (artifact id: '51b397eeb940667ba9a80f3ed88290e6') in 0.011953 seconds
Number of asset objects unloaded after import = 49
========================================================================
Received Import Request.
  Time since last request: 1.912884 seconds.
  path: Assets/Game/Prefabs/Boss.prefab
  artifactKey: Guid(8bdd08326d1960a4d9cd34de42740a81) Importer(PreviewImporter)
Start importing Assets/Game/Prefabs/Boss.prefab using Guid(8bdd08326d1960a4d9cd34de42740a81) Importer(PreviewImporter)  -> (artifact id: '166976995ae4470bc4c8ee83c596bacd') in 0.018824 seconds
Number of asset objects unloaded after import = 104
========================================================================
Received Import Request.
  Time since last request: 0.000018 seconds.
  path: Assets/Game/Prefabs/Monster.prefab
  artifactKey: Guid(8a4080b9ac8c626498f42e8cd5635261) Importer(PreviewImporter)
Start importing Assets/Game/Prefabs/Monster.prefab using Guid(8a4080b9ac8c626498f42e8cd5635261) Importer(PreviewImporter)  -> (artifact id: 'd5e9c3e951587e82275aaf452bc9b746') in 0.003460 seconds
Number of asset objects unloaded after import = 28
========================================================================
Received Prepare
Caller must complete domain reload
Begin MonoManager ReloadAssembly
- Loaded All Assemblies, in  0.230 seconds
Native extension for WindowsStandalone target not found
Native extension for WeixinMiniGame target not found
Native extension for WebGL target not found
Mono: successfully reloaded assembly
- Finished resetting the current domain, in  0.369 seconds
Domain Reload Profiling: 599ms
	BeginReloadAssembly (143ms)
		ExecutionOrderSort (0ms)
		DisableScriptedObjects (5ms)
		BackupInstance (0ms)
		ReleaseScriptingObjects (0ms)
		CreateAndSetChildDomain (20ms)
	RebuildCommonClasses (38ms)
	RebuildNativeTypeToScriptingClass (16ms)
	initialDomainReloadingComplete (22ms)
	LoadAllAssembliesAndSetupDomain (10ms)
		LoadAssemblies (99ms)
		RebuildTransferFunctionScriptingTraits (0ms)
		AnalyzeDomain (7ms)
			TypeCache.Refresh (3ms)
				TypeCache.ScanAssembly (0ms)
			ScanForSourceGeneratedMonoScriptInfo (0ms)
			ResolveRequiredComponents (3ms)
	FinalizeReload (370ms)
		ReleaseScriptCaches (0ms)
		RebuildScriptCaches (0ms)
		SetupLoadedEditorAssemblies (234ms)
			LogAssemblyErrors (0ms)
			InitializePlatformSupportModulesInManaged (7ms)
			SetLoadedEditorAssemblies (6ms)
			RefreshPlugins (0ms)
			BeforeProcessingInitializeOnLoad (37ms)
			ProcessInitializeOnLoadAttributes (169ms)
			ProcessInitializeOnLoadMethodAttributes (10ms)
			AfterProcessingInitializeOnLoad (3ms)
			EditorAssembliesLoaded (0ms)
		ExecutionOrderSort2 (0ms)
		AwakeInstancesAfterBackupRestoration (15ms)
Refreshing native plugins compatible for Editor in 0.00 ms, found 0 plugins.
Preloading 0 native plugins for Editor in 0.00 ms.
Unloading 249 Unused Serialized files (Serialized files now loaded: 0)
Unloading 1 unused Assets / (22.8 KB). Loaded Objects now: 779.
Memory consumption went from 62.1 MB to 62.1 MB.
Total: 3.065700 ms (FindLiveObjects: 0.066900 ms CreateObjectMapping: 0.012400 ms MarkObjects: 2.958900 ms  DeleteObjects: 0.025400 ms)

AssetImportParameters requested are different than current active one (requested -> active):
  custom:video-encoder-webm-vp8: eb34c28f22e8b96e1ab97ce403110664 -> 
  custom:video-decoder-webm-vp8: 9c59270c3fd7afecdb556c50c9e8de78 -> 
  custom:audio-decoder-ogg-vorbis: bf7c407c2cedff20999df2af8eb42d56 -> 
  custom:video-decoder-ogg-theora: a1e56fd34408186e4bbccfd4996cb3dc -> 
  custom:audio-encoder-webm-vorbis: bf7c407c2cedff20999df2af8eb42d56 -> 
  custom:container-demuxer-webm: 4f35f7cbe854078d1ac9338744f61a02 -> 
  custom:SearchIndexIgnoredProperties: e643bd26f0fe6173181afceb89e7c659 -> 
  custom:container-muxer-webm: aa71ff27fc2769a1b78a27578f13a17b -> 
  custom:container-demuxer-ogg: 62fdf1f143b41e24485cea50d1cbac27 -> 
  custom:AudioImporter_EditorPlatform: d09bf68614088b80899f8185d706f6e7 -> 
  custom:CustomObjectIndexerAttribute: 299a746012abc5adb0180d4ccda8d3ad -> 
  custom:framework-win-MediaFoundation: 216162199b28c13a410421893ffa2e32 -> 
